2024-04-19 14:22:04.597 [info] Log level: Info
2024-04-19 14:22:04.597 [info] Validating found git in: "git"
2024-04-19 14:22:04.597 [info] Using git "2.42.0" from "git"
2024-04-19 14:22:04.597 [info] > git rev-parse --show-toplevel [19ms]
2024-04-19 14:22:04.597 [info] /bin/bash: warning: setlocale: LC_ALL: cannot change locale (en_US.UTF-8)
fatal: not a git repository (or any parent up to mount point /teamspace/studios)
Stopping at filesystem boundary (GIT_DISCOVERY_ACROSS_FILESYSTEM not set).
2024-04-19 14:22:04.597 [info] > git rev-parse --show-toplevel [18ms]
2024-04-19 14:22:04.597 [info] /bin/bash: warning: setlocale: LC_ALL: cannot change locale (en_US.UTF-8)
fatal: not a git repository (or any parent up to mount point /teamspace/studios)
Stopping at filesystem boundary (GIT_DISCOVERY_ACROSS_FILESYSTEM not set).
2024-04-19 14:22:04.597 [info] > git rev-parse --show-toplevel [17ms]
2024-04-19 14:22:04.597 [info] /bin/bash: warning: setlocale: LC_ALL: cannot change locale (en_US.UTF-8)
fatal: not a git repository (or any parent up to mount point /teamspace/studios)
Stopping at filesystem boundary (GIT_DISCOVERY_ACROSS_FILESYSTEM not set).
2024-04-19 14:22:04.597 [info] > git rev-parse --show-toplevel [17ms]
2024-04-19 14:22:04.597 [info] /bin/bash: warning: setlocale: LC_ALL: cannot change locale (en_US.UTF-8)
fatal: not a git repository (or any parent up to mount point /teamspace/studios)
Stopping at filesystem boundary (GIT_DISCOVERY_ACROSS_FILESYSTEM not set).
2024-04-19 14:22:04.597 [info] > git rev-parse --show-toplevel [16ms]
2024-04-19 14:22:04.597 [info] /bin/bash: warning: setlocale: LC_ALL: cannot change locale (en_US.UTF-8)
fatal: not a git repository (or any parent up to mount point /teamspace/studios)
Stopping at filesystem boundary (GIT_DISCOVERY_ACROSS_FILESYSTEM not set).
2024-04-19 14:22:04.597 [info] > git rev-parse --show-toplevel [17ms]
2024-04-19 14:22:04.598 [info] /bin/bash: warning: setlocale: LC_ALL: cannot change locale (en_US.UTF-8)
fatal: not a git repository (or any parent up to mount point /teamspace/studios)
Stopping at filesystem boundary (GIT_DISCOVERY_ACROSS_FILESYSTEM not set).
2024-04-19 14:22:04.598 [info] > git rev-parse --show-toplevel [17ms]
2024-04-19 14:22:04.598 [info] /bin/bash: warning: setlocale: LC_ALL: cannot change locale (en_US.UTF-8)
fatal: not a git repository (or any parent up to mount point /teamspace/studios)
Stopping at filesystem boundary (GIT_DISCOVERY_ACROSS_FILESYSTEM not set).
2024-04-19 14:22:04.612 [info] > git rev-parse --show-toplevel [18ms]
2024-04-19 14:22:04.612 [info] /bin/bash: warning: setlocale: LC_ALL: cannot change locale (en_US.UTF-8)
fatal: not a git repository (or any parent up to mount point /teamspace/studios)
Stopping at filesystem boundary (GIT_DISCOVERY_ACROSS_FILESYSTEM not set).
2024-04-19 14:22:17.019 [info] > git rev-parse --show-toplevel [18ms]
2024-04-19 14:22:17.020 [info] /bin/bash: warning: setlocale: LC_ALL: cannot change locale (en_US.UTF-8)
fatal: not a git repository (or any parent up to mount point /teamspace/studios)
Stopping at filesystem boundary (GIT_DISCOVERY_ACROSS_FILESYSTEM not set).
2024-04-19 14:25:29.442 [info] > git rev-parse --show-toplevel [17ms]
2024-04-19 14:25:29.443 [info] /bin/bash: warning: setlocale: LC_ALL: cannot change locale (en_US.UTF-8)
fatal: not a git repository (or any parent up to mount point /teamspace/studios)
Stopping at filesystem boundary (GIT_DISCOVERY_ACROSS_FILESYSTEM not set).
2024-04-19 14:26:49.971 [info] > git rev-parse --show-toplevel [18ms]
2024-04-19 14:26:49.972 [info] /bin/bash: warning: setlocale: LC_ALL: cannot change locale (en_US.UTF-8)
fatal: not a git repository (or any parent up to mount point /teamspace/studios)
Stopping at filesystem boundary (GIT_DISCOVERY_ACROSS_FILESYSTEM not set).
2024-04-19 14:27:01.793 [info] > git rev-parse --show-toplevel [18ms]
2024-04-19 14:27:01.794 [info] /bin/bash: warning: setlocale: LC_ALL: cannot change locale (en_US.UTF-8)
fatal: not a git repository (or any parent up to mount point /teamspace/studios)
Stopping at filesystem boundary (GIT_DISCOVERY_ACROSS_FILESYSTEM not set).
2024-04-19 14:27:06.832 [info] > git rev-parse --show-toplevel [17ms]
2024-04-19 14:27:06.832 [info] /bin/bash: warning: setlocale: LC_ALL: cannot change locale (en_US.UTF-8)
fatal: not a git repository (or any parent up to mount point /teamspace/studios)
Stopping at filesystem boundary (GIT_DISCOVERY_ACROSS_FILESYSTEM not set).
2024-04-19 14:27:07.462 [info] > git rev-parse --show-toplevel [17ms]
2024-04-19 14:27:07.462 [info] /bin/bash: warning: setlocale: LC_ALL: cannot change locale (en_US.UTF-8)
fatal: not a git repository (or any parent up to mount point /teamspace/studios)
Stopping at filesystem boundary (GIT_DISCOVERY_ACROSS_FILESYSTEM not set).
2024-04-19 14:32:05.811 [info] > git rev-parse --show-toplevel [17ms]
2024-04-19 14:32:05.812 [info] /bin/bash: warning: setlocale: LC_ALL: cannot change locale (en_US.UTF-8)
fatal: not a git repository (or any parent up to mount point /teamspace/studios)
Stopping at filesystem boundary (GIT_DISCOVERY_ACROSS_FILESYSTEM not set).
2024-04-19 14:32:32.004 [info] > git rev-parse --show-toplevel [17ms]
2024-04-19 14:32:32.005 [info] /bin/bash: warning: setlocale: LC_ALL: cannot change locale (en_US.UTF-8)
fatal: not a git repository (or any parent up to mount point /teamspace/studios)
Stopping at filesystem boundary (GIT_DISCOVERY_ACROSS_FILESYSTEM not set).
2024-04-19 14:33:01.497 [info] > git rev-parse --show-toplevel [25ms]
2024-04-19 14:33:01.498 [info] /bin/bash: warning: setlocale: LC_ALL: cannot change locale (en_US.UTF-8)
fatal: not a git repository (or any parent up to mount point /teamspace/studios)
Stopping at filesystem boundary (GIT_DISCOVERY_ACROSS_FILESYSTEM not set).
2024-04-19 14:33:07.450 [warning] Failed to get repository realpath for: "/teamspace/studios/this_studio/.vscode-server/extensions/.5cddda5d-7e9b-478c-af51-63b275af06e0/bundled/libs/debugpy/_vendored/pydevd/_pydevd_frame_eval/". Error: ENOENT: no such file or directory, realpath '/teamspace/studios/this_studio/.vscode-server/extensions/.5cddda5d-7e9b-478c-af51-63b275af06e0/bundled/libs/debugpy/_vendored/pydevd/_pydevd_frame_eval/'
2024-04-19 14:33:09.932 [info] > git rev-parse --show-toplevel [17ms]
2024-04-19 14:33:09.932 [info] /bin/bash: warning: setlocale: LC_ALL: cannot change locale (en_US.UTF-8)
fatal: not a git repository (or any parent up to mount point /teamspace/studios)
Stopping at filesystem boundary (GIT_DISCOVERY_ACROSS_FILESYSTEM not set).
2024-04-19 14:33:10.109 [info] > git rev-parse --show-toplevel [19ms]
2024-04-19 14:33:10.109 [info] /bin/bash: warning: setlocale: LC_ALL: cannot change locale (en_US.UTF-8)
fatal: not a git repository (or any parent up to mount point /teamspace/studios)
Stopping at filesystem boundary (GIT_DISCOVERY_ACROSS_FILESYSTEM not set).
2024-04-19 14:44:33.739 [info] > git rev-parse --show-toplevel [17ms]
2024-04-19 14:44:33.740 [info] /bin/bash: warning: setlocale: LC_ALL: cannot change locale (en_US.UTF-8)
fatal: not a git repository (or any parent up to mount point /teamspace/studios)
Stopping at filesystem boundary (GIT_DISCOVERY_ACROSS_FILESYSTEM not set).
2024-04-19 14:44:36.022 [info] > git rev-parse --show-toplevel [18ms]
2024-04-19 14:44:36.022 [info] /bin/bash: warning: setlocale: LC_ALL: cannot change locale (en_US.UTF-8)
fatal: not a git repository (or any parent up to mount point /teamspace/studios)
Stopping at filesystem boundary (GIT_DISCOVERY_ACROSS_FILESYSTEM not set).
2024-04-19 14:45:50.283 [info] > git rev-parse --show-toplevel [17ms]
2024-04-19 14:45:50.283 [info] /bin/bash: warning: setlocale: LC_ALL: cannot change locale (en_US.UTF-8)
fatal: not a git repository (or any parent up to mount point /teamspace/studios)
Stopping at filesystem boundary (GIT_DISCOVERY_ACROSS_FILESYSTEM not set).
2024-04-19 14:45:52.660 [info] > git rev-parse --show-toplevel [17ms]
2024-04-19 14:45:52.661 [info] /bin/bash: warning: setlocale: LC_ALL: cannot change locale (en_US.UTF-8)
fatal: not a git repository (or any parent up to mount point /teamspace/studios)
Stopping at filesystem boundary (GIT_DISCOVERY_ACROSS_FILESYSTEM not set).
2024-04-19 14:45:54.037 [info] > git rev-parse --show-toplevel [38ms]
2024-04-19 14:45:54.037 [info] /bin/bash: warning: setlocale: LC_ALL: cannot change locale (en_US.UTF-8)
fatal: not a git repository (or any parent up to mount point /teamspace/studios)
Stopping at filesystem boundary (GIT_DISCOVERY_ACROSS_FILESYSTEM not set).
2024-04-19 14:45:54.490 [info] > git rev-parse --show-toplevel [26ms]
2024-04-19 14:45:54.490 [info] /bin/bash: warning: setlocale: LC_ALL: cannot change locale (en_US.UTF-8)
fatal: not a git repository (or any parent up to mount point /teamspace/studios)
Stopping at filesystem boundary (GIT_DISCOVERY_ACROSS_FILESYSTEM not set).
2024-04-19 14:51:39.073 [info] > git rev-parse --show-toplevel [27ms]
2024-04-19 14:51:39.074 [info] /bin/bash: warning: setlocale: LC_ALL: cannot change locale (en_US.UTF-8)
fatal: not a git repository (or any parent up to mount point /teamspace/studios)
Stopping at filesystem boundary (GIT_DISCOVERY_ACROSS_FILESYSTEM not set).
2024-04-19 14:51:58.885 [info] > git rev-parse --show-toplevel [18ms]
2024-04-19 14:51:58.886 [info] /bin/bash: warning: setlocale: LC_ALL: cannot change locale (en_US.UTF-8)
fatal: not a git repository (or any parent up to mount point /teamspace/studios)
Stopping at filesystem boundary (GIT_DISCOVERY_ACROSS_FILESYSTEM not set).
2024-04-19 14:56:04.564 [info] > git rev-parse --show-toplevel [29ms]
2024-04-19 14:56:04.564 [info] /bin/bash: warning: setlocale: LC_ALL: cannot change locale (en_US.UTF-8)
fatal: not a git repository (or any parent up to mount point /teamspace/studios)
Stopping at filesystem boundary (GIT_DISCOVERY_ACROSS_FILESYSTEM not set).
2024-04-19 15:13:22.998 [info] > git rev-parse --show-toplevel [81ms]
2024-04-19 15:13:22.998 [info] /bin/bash: warning: setlocale: LC_ALL: cannot change locale (en_US.UTF-8)
fatal: not a git repository (or any parent up to mount point /teamspace/studios)
Stopping at filesystem boundary (GIT_DISCOVERY_ACROSS_FILESYSTEM not set).
2024-04-19 15:21:28.305 [info] > git rev-parse --show-toplevel [28ms]
2024-04-19 15:21:28.306 [info] /bin/bash: warning: setlocale: LC_ALL: cannot change locale (en_US.UTF-8)
fatal: not a git repository (or any parent up to mount point /teamspace/studios)
Stopping at filesystem boundary (GIT_DISCOVERY_ACROSS_FILESYSTEM not set).
2024-04-19 15:21:39.718 [info] > git rev-parse --show-toplevel [17ms]
2024-04-19 15:21:39.719 [info] /bin/bash: warning: setlocale: LC_ALL: cannot change locale (en_US.UTF-8)
fatal: not a git repository (or any parent up to mount point /teamspace/studios)
Stopping at filesystem boundary (GIT_DISCOVERY_ACROSS_FILESYSTEM not set).
2024-04-19 15:21:54.436 [info] > git rev-parse --show-toplevel [18ms]
2024-04-19 15:21:54.437 [info] /bin/bash: warning: setlocale: LC_ALL: cannot change locale (en_US.UTF-8)
fatal: not a git repository (or any parent up to mount point /teamspace/studios)
Stopping at filesystem boundary (GIT_DISCOVERY_ACROSS_FILESYSTEM not set).
2024-04-19 15:28:38.319 [info] > git rev-parse --show-toplevel [18ms]
2024-04-19 15:28:38.319 [info] /bin/bash: warning: setlocale: LC_ALL: cannot change locale (en_US.UTF-8)
fatal: not a git repository (or any parent up to mount point /teamspace/studios)
Stopping at filesystem boundary (GIT_DISCOVERY_ACROSS_FILESYSTEM not set).
2024-04-19 15:31:10.097 [info] > git rev-parse --show-toplevel [17ms]
2024-04-19 15:31:10.098 [info] /bin/bash: warning: setlocale: LC_ALL: cannot change locale (en_US.UTF-8)
fatal: not a git repository (or any parent up to mount point /teamspace/studios)
Stopping at filesystem boundary (GIT_DISCOVERY_ACROSS_FILESYSTEM not set).
2024-04-19 15:37:31.472 [info] > git rev-parse --show-toplevel [19ms]
2024-04-19 15:37:31.473 [info] /bin/bash: warning: setlocale: LC_ALL: cannot change locale (en_US.UTF-8)
fatal: not a git repository (or any parent up to mount point /teamspace/studios)
Stopping at filesystem boundary (GIT_DISCOVERY_ACROSS_FILESYSTEM not set).
2024-04-19 15:37:32.293 [info] > git rev-parse --show-toplevel [18ms]
2024-04-19 15:37:32.293 [info] /bin/bash: warning: setlocale: LC_ALL: cannot change locale (en_US.UTF-8)
fatal: not a git repository (or any parent up to mount point /teamspace/studios)
Stopping at filesystem boundary (GIT_DISCOVERY_ACROSS_FILESYSTEM not set).
2024-04-19 15:37:32.963 [info] > git rev-parse --show-toplevel [23ms]
2024-04-19 15:37:32.963 [info] /bin/bash: warning: setlocale: LC_ALL: cannot change locale (en_US.UTF-8)
fatal: not a git repository (or any parent up to mount point /teamspace/studios)
Stopping at filesystem boundary (GIT_DISCOVERY_ACROSS_FILESYSTEM not set).
2024-04-19 15:37:35.622 [info] > git rev-parse --show-toplevel [18ms]
2024-04-19 15:37:35.623 [info] /bin/bash: warning: setlocale: LC_ALL: cannot change locale (en_US.UTF-8)
fatal: not a git repository (or any parent up to mount point /teamspace/studios)
Stopping at filesystem boundary (GIT_DISCOVERY_ACROSS_FILESYSTEM not set).
2024-04-19 15:37:39.664 [info] > git rev-parse --show-toplevel [26ms]
2024-04-19 15:37:39.664 [info] /bin/bash: warning: setlocale: LC_ALL: cannot change locale (en_US.UTF-8)
fatal: not a git repository (or any parent up to mount point /teamspace/studios)
Stopping at filesystem boundary (GIT_DISCOVERY_ACROSS_FILESYSTEM not set).
2024-04-19 15:37:40.893 [info] > git rev-parse --show-toplevel [17ms]
2024-04-19 15:37:40.894 [info] /bin/bash: warning: setlocale: LC_ALL: cannot change locale (en_US.UTF-8)
fatal: not a git repository (or any parent up to mount point /teamspace/studios)
Stopping at filesystem boundary (GIT_DISCOVERY_ACROSS_FILESYSTEM not set).
2024-04-19 15:37:41.315 [info] > git rev-parse --show-toplevel [17ms]
2024-04-19 15:37:41.316 [info] /bin/bash: warning: setlocale: LC_ALL: cannot change locale (en_US.UTF-8)
fatal: not a git repository (or any parent up to mount point /teamspace/studios)
Stopping at filesystem boundary (GIT_DISCOVERY_ACROSS_FILESYSTEM not set).
2024-04-19 15:37:42.592 [info] > git rev-parse --show-toplevel [19ms]
2024-04-19 15:37:42.592 [info] /bin/bash: warning: setlocale: LC_ALL: cannot change locale (en_US.UTF-8)
fatal: not a git repository (or any parent up to mount point /teamspace/studios)
Stopping at filesystem boundary (GIT_DISCOVERY_ACROSS_FILESYSTEM not set).
2024-04-19 15:37:43.212 [info] > git rev-parse --show-toplevel [17ms]
2024-04-19 15:37:43.212 [info] /bin/bash: warning: setlocale: LC_ALL: cannot change locale (en_US.UTF-8)
fatal: not a git repository (or any parent up to mount point /teamspace/studios)
Stopping at filesystem boundary (GIT_DISCOVERY_ACROSS_FILESYSTEM not set).
2024-04-19 15:37:43.782 [info] > git rev-parse --show-toplevel [30ms]
2024-04-19 15:37:43.782 [info] /bin/bash: warning: setlocale: LC_ALL: cannot change locale (en_US.UTF-8)
fatal: not a git repository (or any parent up to mount point /teamspace/studios)
Stopping at filesystem boundary (GIT_DISCOVERY_ACROSS_FILESYSTEM not set).
2024-04-19 15:37:44.210 [info] > git rev-parse --show-toplevel [26ms]
2024-04-19 15:37:44.210 [info] /bin/bash: warning: setlocale: LC_ALL: cannot change locale (en_US.UTF-8)
fatal: not a git repository (or any parent up to mount point /teamspace/studios)
Stopping at filesystem boundary (GIT_DISCOVERY_ACROSS_FILESYSTEM not set).
2024-04-19 15:37:46.040 [info] > git rev-parse --show-toplevel [17ms]
2024-04-19 15:37:46.041 [info] /bin/bash: warning: setlocale: LC_ALL: cannot change locale (en_US.UTF-8)
fatal: not a git repository (or any parent up to mount point /teamspace/studios)
Stopping at filesystem boundary (GIT_DISCOVERY_ACROSS_FILESYSTEM not set).
2024-04-19 15:37:46.504 [info] > git rev-parse --show-toplevel [18ms]
2024-04-19 15:37:46.504 [info] /bin/bash: warning: setlocale: LC_ALL: cannot change locale (en_US.UTF-8)
fatal: not a git repository (or any parent up to mount point /teamspace/studios)
Stopping at filesystem boundary (GIT_DISCOVERY_ACROSS_FILESYSTEM not set).
2024-04-19 15:37:48.969 [info] > git rev-parse --show-toplevel [24ms]
2024-04-19 15:37:48.969 [info] /bin/bash: warning: setlocale: LC_ALL: cannot change locale (en_US.UTF-8)
fatal: not a git repository (or any parent up to mount point /teamspace/studios)
Stopping at filesystem boundary (GIT_DISCOVERY_ACROSS_FILESYSTEM not set).
2024-04-19 15:37:49.688 [info] > git rev-parse --show-toplevel [29ms]
2024-04-19 15:37:49.688 [info] /bin/bash: warning: setlocale: LC_ALL: cannot change locale (en_US.UTF-8)
fatal: not a git repository (or any parent up to mount point /teamspace/studios)
Stopping at filesystem boundary (GIT_DISCOVERY_ACROSS_FILESYSTEM not set).
2024-04-19 15:42:45.183 [info] > git rev-parse --show-toplevel [17ms]
2024-04-19 15:42:45.184 [info] /bin/bash: warning: setlocale: LC_ALL: cannot change locale (en_US.UTF-8)
fatal: not a git repository (or any parent up to mount point /teamspace/studios)
Stopping at filesystem boundary (GIT_DISCOVERY_ACROSS_FILESYSTEM not set).
2024-04-19 15:42:46.546 [info] > git rev-parse --show-toplevel [18ms]
2024-04-19 15:42:46.546 [info] /bin/bash: warning: setlocale: LC_ALL: cannot change locale (en_US.UTF-8)
fatal: not a git repository (or any parent up to mount point /teamspace/studios)
Stopping at filesystem boundary (GIT_DISCOVERY_ACROSS_FILESYSTEM not set).
2024-04-19 15:42:47.348 [info] > git rev-parse --show-toplevel [17ms]
2024-04-19 15:42:47.348 [info] /bin/bash: warning: setlocale: LC_ALL: cannot change locale (en_US.UTF-8)
fatal: not a git repository (or any parent up to mount point /teamspace/studios)
Stopping at filesystem boundary (GIT_DISCOVERY_ACROSS_FILESYSTEM not set).
2024-04-19 15:42:48.047 [info] > git rev-parse --show-toplevel [18ms]
2024-04-19 15:42:48.047 [info] /bin/bash: warning: setlocale: LC_ALL: cannot change locale (en_US.UTF-8)
fatal: not a git repository (or any parent up to mount point /teamspace/studios)
Stopping at filesystem boundary (GIT_DISCOVERY_ACROSS_FILESYSTEM not set).
2024-04-19 15:42:48.466 [info] > git rev-parse --show-toplevel [27ms]
2024-04-19 15:42:48.466 [info] /bin/bash: warning: setlocale: LC_ALL: cannot change locale (en_US.UTF-8)
fatal: not a git repository (or any parent up to mount point /teamspace/studios)
Stopping at filesystem boundary (GIT_DISCOVERY_ACROSS_FILESYSTEM not set).
2024-04-19 15:42:48.884 [info] > git rev-parse --show-toplevel [25ms]
2024-04-19 15:42:48.884 [info] /bin/bash: warning: setlocale: LC_ALL: cannot change locale (en_US.UTF-8)
fatal: not a git repository (or any parent up to mount point /teamspace/studios)
Stopping at filesystem boundary (GIT_DISCOVERY_ACROSS_FILESYSTEM not set).
2024-04-19 15:42:49.721 [info] > git rev-parse --show-toplevel [26ms]
2024-04-19 15:42:49.721 [info] /bin/bash: warning: setlocale: LC_ALL: cannot change locale (en_US.UTF-8)
fatal: not a git repository (or any parent up to mount point /teamspace/studios)
Stopping at filesystem boundary (GIT_DISCOVERY_ACROSS_FILESYSTEM not set).
2024-04-19 15:42:50.811 [info] > git rev-parse --show-toplevel [18ms]
2024-04-19 15:42:50.811 [info] /bin/bash: warning: setlocale: LC_ALL: cannot change locale (en_US.UTF-8)
fatal: not a git repository (or any parent up to mount point /teamspace/studios)
Stopping at filesystem boundary (GIT_DISCOVERY_ACROSS_FILESYSTEM not set).
2024-04-19 15:42:51.367 [info] > git rev-parse --show-toplevel [18ms]
2024-04-19 15:42:51.367 [info] /bin/bash: warning: setlocale: LC_ALL: cannot change locale (en_US.UTF-8)
fatal: not a git repository (or any parent up to mount point /teamspace/studios)
Stopping at filesystem boundary (GIT_DISCOVERY_ACROSS_FILESYSTEM not set).
2024-04-19 15:45:40.465 [info] > git rev-parse --show-toplevel [41ms]
2024-04-19 15:45:40.466 [info] /bin/bash: warning: setlocale: LC_ALL: cannot change locale (en_US.UTF-8)
fatal: not a git repository (or any parent up to mount point /teamspace/studios)
Stopping at filesystem boundary (GIT_DISCOVERY_ACROSS_FILESYSTEM not set).
2024-04-19 15:47:06.508 [info] > git rev-parse --show-toplevel [18ms]
2024-04-19 15:47:06.509 [info] /bin/bash: warning: setlocale: LC_ALL: cannot change locale (en_US.UTF-8)
fatal: not a git repository (or any parent up to mount point /teamspace/studios)
Stopping at filesystem boundary (GIT_DISCOVERY_ACROSS_FILESYSTEM not set).
2024-04-19 15:47:18.035 [info] > git rev-parse --show-toplevel [17ms]
2024-04-19 15:47:18.035 [info] /bin/bash: warning: setlocale: LC_ALL: cannot change locale (en_US.UTF-8)
fatal: not a git repository (or any parent up to mount point /teamspace/studios)
Stopping at filesystem boundary (GIT_DISCOVERY_ACROSS_FILESYSTEM not set).
2024-04-19 15:47:25.052 [info] > git rev-parse --show-toplevel [21ms]
2024-04-19 15:47:25.053 [info] /bin/bash: warning: setlocale: LC_ALL: cannot change locale (en_US.UTF-8)
fatal: not a git repository (or any parent up to mount point /teamspace/studios)
Stopping at filesystem boundary (GIT_DISCOVERY_ACROSS_FILESYSTEM not set).
2024-04-19 15:47:27.384 [info] > git rev-parse --show-toplevel [18ms]
2024-04-19 15:47:27.384 [info] /bin/bash: warning: setlocale: LC_ALL: cannot change locale (en_US.UTF-8)
fatal: not a git repository (or any parent up to mount point /teamspace/studios)
Stopping at filesystem boundary (GIT_DISCOVERY_ACROSS_FILESYSTEM not set).
2024-04-19 15:47:29.700 [info] > git rev-parse --show-toplevel [27ms]
2024-04-19 15:47:29.700 [info] /bin/bash: warning: setlocale: LC_ALL: cannot change locale (en_US.UTF-8)
fatal: not a git repository (or any parent up to mount point /teamspace/studios)
Stopping at filesystem boundary (GIT_DISCOVERY_ACROSS_FILESYSTEM not set).
2024-04-19 15:47:30.385 [info] > git rev-parse --show-toplevel [17ms]
2024-04-19 15:47:30.386 [info] /bin/bash: warning: setlocale: LC_ALL: cannot change locale (en_US.UTF-8)
fatal: not a git repository (or any parent up to mount point /teamspace/studios)
Stopping at filesystem boundary (GIT_DISCOVERY_ACROSS_FILESYSTEM not set).
2024-04-19 15:47:32.308 [info] > git rev-parse --show-toplevel [17ms]
2024-04-19 15:47:32.308 [info] /bin/bash: warning: setlocale: LC_ALL: cannot change locale (en_US.UTF-8)
fatal: not a git repository (or any parent up to mount point /teamspace/studios)
Stopping at filesystem boundary (GIT_DISCOVERY_ACROSS_FILESYSTEM not set).
2024-04-19 15:49:31.760 [info] > git rev-parse --show-toplevel [18ms]
2024-04-19 15:49:31.761 [info] /bin/bash: warning: setlocale: LC_ALL: cannot change locale (en_US.UTF-8)
fatal: not a git repository (or any parent up to mount point /teamspace/studios)
Stopping at filesystem boundary (GIT_DISCOVERY_ACROSS_FILESYSTEM not set).
2024-04-19 15:59:56.953 [info] > git rev-parse --show-toplevel [17ms]
2024-04-19 15:59:56.953 [info] /bin/bash: warning: setlocale: LC_ALL: cannot change locale (en_US.UTF-8)
fatal: not a git repository (or any parent up to mount point /teamspace/studios)
Stopping at filesystem boundary (GIT_DISCOVERY_ACROSS_FILESYSTEM not set).
2024-04-19 15:59:58.204 [info] > git rev-parse --show-toplevel [18ms]
2024-04-19 15:59:58.204 [info] /bin/bash: warning: setlocale: LC_ALL: cannot change locale (en_US.UTF-8)
fatal: not a git repository (or any parent up to mount point /teamspace/studios)
Stopping at filesystem boundary (GIT_DISCOVERY_ACROSS_FILESYSTEM not set).
2024-04-19 15:59:59.196 [info] > git rev-parse --show-toplevel [25ms]
2024-04-19 15:59:59.196 [info] /bin/bash: warning: setlocale: LC_ALL: cannot change locale (en_US.UTF-8)
fatal: not a git repository (or any parent up to mount point /teamspace/studios)
Stopping at filesystem boundary (GIT_DISCOVERY_ACROSS_FILESYSTEM not set).
2024-04-19 15:59:59.703 [info] > git rev-parse --show-toplevel [23ms]
2024-04-19 15:59:59.703 [info] /bin/bash: warning: setlocale: LC_ALL: cannot change locale (en_US.UTF-8)
fatal: not a git repository (or any parent up to mount point /teamspace/studios)
Stopping at filesystem boundary (GIT_DISCOVERY_ACROSS_FILESYSTEM not set).
2024-04-19 16:00:01.044 [info] > git rev-parse --show-toplevel [18ms]
2024-04-19 16:00:01.045 [info] /bin/bash: warning: setlocale: LC_ALL: cannot change locale (en_US.UTF-8)
fatal: not a git repository (or any parent up to mount point /teamspace/studios)
Stopping at filesystem boundary (GIT_DISCOVERY_ACROSS_FILESYSTEM not set).
