2024-04-19 14:33:15.465 [info] (Client) Pylance async client (2024.3.2) started with python extension (2024.2.1)
2024-04-19 14:33:16.047 [info] [Info  - 2:33:16 PM] (6729) Pylance language server 2024.3.2 (pyright version 1.1.351, commit 87171fbf) starting
2024-04-19 14:33:16.047 [info] [Info  - 2:33:16 PM] (6729) Server root directory: file:///teamspace/studios/this_studio/.vscode-server/extensions/ms-python.vscode-pylance-2024.3.2/dist
2024-04-19 14:33:16.048 [info] [Info  - 2:33:16 PM] (6729) Starting service instance "this_studio"
2024-04-19 14:33:16.095 [info] [Info  - 2:33:16 PM] (6729) Setting pythonPath for service "this_studio": "/home/zeus/miniconda3/envs/cloudspace/bin/python"
2024-04-19 14:33:16.096 [info] [Info  - 2:33:16 PM] (6729) Setting environmentName for service "this_studio": "3.10.10 (cloudspace conda)"
2024-04-19 14:33:16.127 [info] [Info  - 2:33:16 PM] (6729) Assuming Python version 3.10
2024-04-19 14:33:16.222 [info] [Info  - 2:33:16 PM] (6729) Found 2 source files
2024-04-19 14:33:16.838 [info] [Info  - 2:33:16 PM] (6729) Background analysis(1) root directory: file:///teamspace/studios/this_studio/.vscode-server/extensions/ms-python.vscode-pylance-2024.3.2/dist
2024-04-19 14:33:16.840 [info] [Info  - 2:33:16 PM] (6729) Background analysis(1) started
2024-04-19 14:33:17.154 [info] [Info  - 2:33:17 PM] (6729) Indexer background runner(2) root directory: file:///teamspace/studios/this_studio/.vscode-server/extensions/ms-python.vscode-pylance-2024.3.2/dist (index)
2024-04-19 14:33:17.155 [info] [Info  - 2:33:17 PM] (6729) Indexing(2) started
2024-04-19 14:33:18.686 [info] [Info  - 2:33:18 PM] (6729) scanned(2) 370 files over 1 exec env
2024-04-19 14:33:31.079 [info] [Info  - 2:33:31 PM] (6729) [IDX(2)] Long operation: index execution environment file:///teamspace/studios/this_studio (10381ms)
2024-04-19 14:33:31.158 [info] [Info  - 2:33:31 PM] (6729) [IDX(2)] Long operation: index packages file:///teamspace/studios/this_studio (10495ms)
2024-04-19 14:33:31.158 [info] [Info  - 2:33:31 PM] (6729) indexed(2) 295 files over 1 exec env
2024-04-19 14:33:31.607 [info] [Info  - 2:33:31 PM] (6729) Indexing finished(2).
2024-04-19 14:36:58.097 [info] [Info  - 2:36:58 PM] (6729) Indexer background runner(3) root directory: file:///teamspace/studios/this_studio/.vscode-server/extensions/ms-python.vscode-pylance-2024.3.2/dist (refresh)
2024-04-19 14:36:58.098 [info] [Info  - 2:36:58 PM] (6729) Indexing(3) started
2024-04-19 14:36:59.984 [info] [Info  - 2:36:59 PM] (6729) [BG(1)] Long operation: checking: file:///teamspace/studios/this_studio/src/financial_analyst_crew/config/crew.py (2471ms)
2024-04-19 14:36:59.984 [info] [Info  - 2:36:59 PM] (6729) [BG(1)] Long operation: analyzing: file:///teamspace/studios/this_studio/src/financial_analyst_crew/config/crew.py (2496ms)
2024-04-19 14:37:00.602 [info] [Info  - 2:37:00 PM] (6729) [IDX(3)] Long operation: scan packages file:///teamspace/studios/this_studio (2498ms)
2024-04-19 14:37:00.602 [info] [Info  - 2:37:00 PM] (6729) scanned(3) 429 files over 1 exec env
2024-04-19 14:37:04.685 [info] [Info  - 2:37:04 PM] (6729) [IDX(3)] Long operation: index execution environment file:///teamspace/studios/this_studio (2234ms)
2024-04-19 14:37:04.710 [info] [Info  - 2:37:04 PM] (6729) [IDX(3)] Long operation: index packages file:///teamspace/studios/this_studio (2442ms)
2024-04-19 14:37:04.710 [info] [Info  - 2:37:04 PM] (6729) indexed(3) 337 files over 1 exec env
2024-04-19 14:37:05.440 [info] [Info  - 2:37:05 PM] (6729) Indexing finished(3).
2024-04-19 14:37:23.072 [info] [Info  - 2:37:23 PM] (6729) Indexer background runner(4) root directory: file:///teamspace/studios/this_studio/.vscode-server/extensions/ms-python.vscode-pylance-2024.3.2/dist (refresh)
2024-04-19 14:37:23.073 [info] [Info  - 2:37:23 PM] (6729) Indexing(4) started
2024-04-19 14:37:25.019 [info] [Info  - 2:37:25 PM] (6729) scanned(4) 431 files over 1 exec env
2024-04-19 14:37:27.194 [info] [Info  - 2:37:27 PM] (6729) indexed(4) 339 files over 1 exec env
2024-04-19 14:37:27.639 [info] [Info  - 2:37:27 PM] (6729) Indexing finished(4).
2024-04-19 14:51:14.975 [info] [Info  - 2:51:14 PM] (6729) Found 2 source files
2024-04-19 14:51:38.725 [info] [Info  - 2:51:38 PM] (6729) Found 3 source files
2024-04-19 14:56:04.251 [info] [Info  - 2:56:04 PM] (6729) Setting pythonPath for service "this_studio": "/home/zeus/miniconda3/envs/cloudspace/bin/python"
2024-04-19 14:56:04.252 [info] [Info  - 2:56:04 PM] (6729) Setting environmentName for service "this_studio": "3.10.10 (cloudspace conda)"
2024-04-19 14:56:04.307 [info] [Info  - 2:56:04 PM] (6729) Assuming Python version 3.10
2024-04-19 14:56:04.411 [info] [Info  - 2:56:04 PM] (6729) Found 2 source files
2024-04-19 14:56:05.151 [info] [Info  - 2:56:05 PM] (6729) Indexer background runner(5) root directory: file:///teamspace/studios/this_studio/.vscode-server/extensions/ms-python.vscode-pylance-2024.3.2/dist (index)
2024-04-19 14:56:05.152 [info] [Info  - 2:56:05 PM] (6729) Indexing(5) started
2024-04-19 14:56:06.720 [info] [Info  - 2:56:06 PM] (6729) scanned(5) 431 files over 1 exec env
2024-04-19 14:56:08.292 [info] [Info  - 2:56:08 PM] (6729) indexed(5) 339 files over 1 exec env
2024-04-19 14:56:09.025 [info] [Info  - 2:56:09 PM] (6729) Indexing finished(5).
2024-04-19 14:57:55.391 [info] [Info  - 2:57:55 PM] (6729) Setting pythonPath for service "this_studio": "/home/zeus/miniconda3/envs/cloudspace/bin/python"
2024-04-19 14:57:55.392 [info] [Info  - 2:57:55 PM] (6729) Setting environmentName for service "this_studio": "3.10.10 (cloudspace conda)"
2024-04-19 14:57:55.462 [info] [Info  - 2:57:55 PM] (6729) Assuming Python version 3.10
2024-04-19 14:57:55.575 [info] [Info  - 2:57:55 PM] (6729) Found 2 source files
2024-04-19 14:57:56.270 [info] [Info  - 2:57:56 PM] (6729) Indexer background runner(6) root directory: file:///teamspace/studios/this_studio/.vscode-server/extensions/ms-python.vscode-pylance-2024.3.2/dist (index)
2024-04-19 14:57:56.271 [info] [Info  - 2:57:56 PM] (6729) Indexing(6) started
2024-04-19 14:57:58.206 [info] [Info  - 2:57:58 PM] (6729) scanned(6) 431 files over 1 exec env
2024-04-19 14:57:59.043 [info] [Info  - 2:57:59 PM] (6729) [BG(1)] Long operation: checking: file:///teamspace/studios/this_studio/src/financial_analyst_crew/crew.py (2004ms)
2024-04-19 14:57:59.043 [info] [Info  - 2:57:59 PM] (6729) [BG(1)] Long operation: analyzing: file:///teamspace/studios/this_studio/src/financial_analyst_crew/crew.py (2004ms)
2024-04-19 14:58:01.777 [info] [Info  - 2:58:01 PM] (6729) indexed(6) 339 files over 1 exec env
2024-04-19 14:58:02.410 [info] [Info  - 2:58:02 PM] (6729) Indexing finished(6).
2024-04-19 14:58:15.426 [info] [Info  - 2:58:15 PM] (6729) Setting pythonPath for service "this_studio": "/home/zeus/miniconda3/envs/cloudspace/bin/python"
2024-04-19 14:58:15.428 [info] [Info  - 2:58:15 PM] (6729) Setting environmentName for service "this_studio": "3.10.10 (cloudspace conda)"
2024-04-19 14:58:15.499 [info] [Info  - 2:58:15 PM] (6729) Assuming Python version 3.10
2024-04-19 14:58:15.601 [info] [Info  - 2:58:15 PM] (6729) Found 2 source files
2024-04-19 14:58:16.482 [info] [Info  - 2:58:16 PM] (6729) Indexer background runner(7) root directory: file:///teamspace/studios/this_studio/.vscode-server/extensions/ms-python.vscode-pylance-2024.3.2/dist (index)
2024-04-19 14:58:16.483 [info] [Info  - 2:58:16 PM] (6729) Indexing(7) started
2024-04-19 14:58:17.751 [info] [Info  - 2:58:17 PM] (6729) scanned(7) 431 files over 1 exec env
2024-04-19 14:58:20.125 [info] [Info  - 2:58:20 PM] (6729) indexed(7) 339 files over 1 exec env
2024-04-19 14:58:21.002 [info] [Info  - 2:58:21 PM] (6729) Indexing finished(7).
2024-04-19 15:13:22.709 [info] [Info  - 3:13:22 PM] (6729) Found 3 source files
2024-04-19 15:13:58.250 [info] [Info  - 3:13:58 PM] (6729) Indexer background runner(8) root directory: file:///teamspace/studios/this_studio/.vscode-server/extensions/ms-python.vscode-pylance-2024.3.2/dist (refresh)
2024-04-19 15:13:58.251 [info] [Info  - 3:13:58 PM] (6729) Indexing(8) started
2024-04-19 15:14:00.586 [info] [Info  - 3:14:00 PM] (6729) [IDX(8)] Long operation: scan packages file:///teamspace/studios/this_studio (2328ms)
2024-04-19 15:14:00.587 [info] [Info  - 3:14:00 PM] (6729) scanned(8) 432 files over 1 exec env
2024-04-19 15:14:02.350 [info] [Info  - 3:14:02 PM] (6729) indexed(8) 339 files over 1 exec env
2024-04-19 15:14:02.797 [info] [Info  - 3:14:02 PM] (6729) Indexing finished(8).
2024-04-19 15:18:28.466 [info] [Info  - 3:18:28 PM] (6729) Indexer background runner(9) root directory: file:///teamspace/studios/this_studio/.vscode-server/extensions/ms-python.vscode-pylance-2024.3.2/dist (refresh)
2024-04-19 15:18:28.466 [info] [Info  - 3:18:28 PM] (6729) Indexing(9) started
2024-04-19 15:18:28.477 [info] [Info  - 3:18:28 PM] (6729) Indexing finished(9).
2024-04-19 15:18:34.373 [info] [Info  - 3:18:34 PM] (6729) Indexer background runner(10) root directory: file:///teamspace/studios/this_studio/.vscode-server/extensions/ms-python.vscode-pylance-2024.3.2/dist (refresh)
2024-04-19 15:18:34.374 [info] [Info  - 3:18:34 PM] (6729) Indexing(10) started
2024-04-19 15:18:36.708 [info] [Info  - 3:18:36 PM] (6729) [IDX(10)] Long operation: scan packages file:///teamspace/studios/this_studio (2327ms)
2024-04-19 15:18:36.709 [info] [Info  - 3:18:36 PM] (6729) scanned(10) 479 files over 1 exec env
2024-04-19 15:18:40.008 [info] [Info  - 3:18:40 PM] (6729) indexed(10) 363 files over 1 exec env
2024-04-19 15:18:40.865 [info] [Info  - 3:18:40 PM] (6729) Indexing finished(10).
2024-04-19 15:19:53.779 [info] [Info  - 3:19:53 PM] (6729) Indexer background runner(11) root directory: file:///teamspace/studios/this_studio/.vscode-server/extensions/ms-python.vscode-pylance-2024.3.2/dist (refresh)
2024-04-19 15:19:53.781 [info] [Info  - 3:19:53 PM] (6729) Indexing(11) started
2024-04-19 15:19:55.699 [info] [Info  - 3:19:55 PM] (6729) scanned(11) 497 files over 1 exec env
2024-04-19 15:19:57.888 [info] [Info  - 3:19:57 PM] (6729) indexed(11) 376 files over 1 exec env
2024-04-19 15:19:58.479 [info] [Info  - 3:19:58 PM] (6729) Indexing finished(11).
2024-04-19 15:29:43.455 [info] [Info  - 3:29:43 PM] (6729) Indexer background runner(12) root directory: file:///teamspace/studios/this_studio/.vscode-server/extensions/ms-python.vscode-pylance-2024.3.2/dist (refresh)
2024-04-19 15:29:43.456 [info] [Info  - 3:29:43 PM] (6729) Indexing(12) started
2024-04-19 15:29:45.862 [info] [Info  - 3:29:45 PM] (6729) [BG(1)] Long operation: checking: file:///teamspace/studios/this_studio/src/financial_analyst_crew/crew.py (2741ms)
2024-04-19 15:29:45.862 [info] [Info  - 3:29:45 PM] (6729) [BG(1)] Long operation: analyzing: file:///teamspace/studios/this_studio/src/financial_analyst_crew/crew.py (2741ms)
2024-04-19 15:29:46.479 [info] [Info  - 3:29:46 PM] (6729) [IDX(12)] Long operation: scan packages file:///teamspace/studios/this_studio (2981ms)
2024-04-19 15:29:46.479 [info] [Info  - 3:29:46 PM] (6729) scanned(12) 520 files over 1 exec env
2024-04-19 15:29:50.484 [info] [Info  - 3:29:50 PM] (6729) indexed(12) 394 files over 1 exec env
2024-04-19 15:29:51.434 [info] [Info  - 3:29:51 PM] (6729) Indexing finished(12).
2024-04-19 15:31:51.618 [info] [Info  - 3:31:51 PM] (6729) Indexer background runner(13) root directory: file:///teamspace/studios/this_studio/.vscode-server/extensions/ms-python.vscode-pylance-2024.3.2/dist (refresh)
2024-04-19 15:31:51.621 [info] [Info  - 3:31:51 PM] (6729) Indexing(13) started
2024-04-19 15:31:53.781 [info] [Info  - 3:31:53 PM] (6729) [IDX(13)] Long operation: scan packages file:///teamspace/studios/this_studio (2153ms)
2024-04-19 15:31:53.781 [info] [Info  - 3:31:53 PM] (6729) scanned(13) 520 files over 1 exec env
2024-04-19 15:31:56.734 [info] [Info  - 3:31:56 PM] (6729) indexed(13) 394 files over 1 exec env
2024-04-19 15:31:57.263 [info] [Info  - 3:31:57 PM] (6729) Indexing finished(13).
2024-04-19 15:45:35.976 [info] [Info  - 3:45:35 PM] (6729) Indexer background runner(14) root directory: file:///teamspace/studios/this_studio/.vscode-server/extensions/ms-python.vscode-pylance-2024.3.2/dist (refresh)
2024-04-19 15:45:35.977 [info] [Info  - 3:45:35 PM] (6729) Indexing(14) started
2024-04-19 15:45:37.680 [info] [Info  - 3:45:37 PM] (6729) scanned(14) 520 files over 1 exec env
2024-04-19 15:45:40.362 [info] [Info  - 3:45:40 PM] (6729) indexed(14) 394 files over 1 exec env
2024-04-19 15:45:41.320 [info] [Info  - 3:45:41 PM] (6729) Indexing finished(14).
2024-04-19 15:58:43.505 [info] [Info  - 3:58:43 PM] (6729) Indexer background runner(15) root directory: file:///teamspace/studios/this_studio/.vscode-server/extensions/ms-python.vscode-pylance-2024.3.2/dist (refresh)
2024-04-19 15:58:43.507 [info] [Info  - 3:58:43 PM] (6729) Indexing(15) started
2024-04-19 15:58:45.059 [info] [Info  - 3:58:45 PM] (6729) scanned(15) 521 files over 1 exec env
2024-04-19 15:58:47.305 [info] [Info  - 3:58:47 PM] (6729) indexed(15) 395 files over 1 exec env
2024-04-19 15:58:47.856 [info] [Info  - 3:58:47 PM] (6729) Indexing finished(15).
