2024-04-20 15:35:10.694 [info] (Client) Pylance async client (2024.3.2) started with python extension (2024.2.1)
2024-04-20 15:35:11.608 [info] [Info  - 3:35:11 PM] (210767) Pylance language server 2024.3.2 (pyright version 1.1.351, commit 87171fbf) starting
2024-04-20 15:35:11.609 [info] [Info  - 3:35:11 PM] (210767) Server root directory: file:///teamspace/studios/this_studio/.vscode-server/extensions/ms-python.vscode-pylance-2024.3.2/dist
2024-04-20 15:35:11.609 [info] [Info  - 3:35:11 PM] (210767) Starting service instance "this_studio"
2024-04-20 15:35:11.709 [info] [Info  - 3:35:11 PM] (210767) Setting pythonPath for service "this_studio": "/home/zeus/miniconda3/envs/cloudspace/bin/python"
2024-04-20 15:35:11.710 [info] [Info  - 3:35:11 PM] (210767) Setting environmentName for service "this_studio": "3.10.10 (cloudspace conda)"
2024-04-20 15:35:11.713 [info] [Info  - 3:35:11 PM] (210767) Loading pyproject.toml file at /teamspace/studios/this_studio/pyproject.toml
2024-04-20 15:35:11.717 [info] [Info  - 3:35:11 PM] (210767) Pyproject file "/teamspace/studios/this_studio/pyproject.toml" has no "[tool.pyright]" section.
2024-04-20 15:35:11.765 [info] [Info  - 3:35:11 PM] (210767) Assuming Python version 3.10
2024-04-20 15:35:12.381 [info] [Info  - 3:35:12 PM] (210767) Found 4 source files
2024-04-20 15:35:13.445 [info] [Info  - 3:35:13 PM] (210767) Background analysis(1) root directory: file:///teamspace/studios/this_studio/.vscode-server/extensions/ms-python.vscode-pylance-2024.3.2/dist
2024-04-20 15:35:13.446 [info] [Info  - 3:35:13 PM] (210767) Background analysis(1) started
2024-04-20 15:35:13.621 [info] [Info  - 3:35:13 PM] (210767) Indexer background runner(2) root directory: file:///teamspace/studios/this_studio/.vscode-server/extensions/ms-python.vscode-pylance-2024.3.2/dist (index)
2024-04-20 15:35:13.622 [info] [Info  - 3:35:13 PM] (210767) Indexing(2) started
2024-04-20 15:35:19.401 [info] [Info  - 3:35:19 PM] (210767) [BG(1)] Long operation: checking: file:///teamspace/studios/this_studio/src/financial_analyst_crew/crew.py (4853ms)
2024-04-20 15:35:19.402 [info] [Info  - 3:35:19 PM] (210767) [BG(1)] Long operation: analyzing: file:///teamspace/studios/this_studio/src/financial_analyst_crew/crew.py (5926ms)
2024-04-20 15:35:19.422 [info] [Info  - 3:35:19 PM] (210767) [IDX(2)] Long operation: scan packages file:///teamspace/studios/this_studio (5793ms)
2024-04-20 15:35:19.423 [info] [Info  - 3:35:19 PM] (210767) scanned(2) 521 files over 1 exec env
2024-04-20 15:35:23.420 [info] [Info  - 3:35:23 PM] (210767) indexed(2) 395 files over 1 exec env
2024-04-20 15:35:24.226 [info] [Info  - 3:35:24 PM] (210767) Indexing finished(2).
2024-04-20 15:35:24.266 [info] [Info  - 3:35:24 PM] (210767) Setting pythonPath for service "this_studio": "/home/zeus/miniconda3/envs/cloudspace/bin/python"
2024-04-20 15:35:24.267 [info] [Info  - 3:35:24 PM] (210767) Setting environmentName for service "this_studio": "3.10.10 (cloudspace conda)"
2024-04-20 15:35:24.269 [info] [Info  - 3:35:24 PM] (210767) Loading pyproject.toml file at /teamspace/studios/this_studio/pyproject.toml
2024-04-20 15:35:24.270 [info] [Info  - 3:35:24 PM] (210767) Pyproject file "/teamspace/studios/this_studio/pyproject.toml" has no "[tool.pyright]" section.
2024-04-20 15:35:24.379 [info] [Info  - 3:35:24 PM] (210767) Assuming Python version 3.10
2024-04-20 15:35:24.990 [info] [Info  - 3:35:24 PM] (210767) Found 4 source files
2024-04-20 15:35:30.334 [info] [Info  - 3:35:30 PM] (210767) Indexer background runner(3) root directory: file:///teamspace/studios/this_studio/.vscode-server/extensions/ms-python.vscode-pylance-2024.3.2/dist (index)
2024-04-20 15:35:30.430 [info] [Info  - 3:35:30 PM] (210767) Indexing(3) started
2024-04-20 15:35:30.430 [info] [Info  - 3:35:30 PM] (210767) [BG(1)] Long operation: checking: file:///teamspace/studios/this_studio/src/financial_analyst_crew/crew.py (3216ms)
2024-04-20 15:35:30.431 [info] [Info  - 3:35:30 PM] (210767) [BG(1)] Long operation: analyzing: file:///teamspace/studios/this_studio/src/financial_analyst_crew/crew.py (3797ms)
2024-04-20 15:35:30.631 [info] [Info  - 3:35:30 PM] (210767) [IDX(3)] Long operation: scan packages file:///teamspace/studios/this_studio (3441ms)
2024-04-20 15:35:30.631 [info] [Info  - 3:35:30 PM] (210767) scanned(3) 521 files over 1 exec env
2024-04-20 15:35:33.948 [info] [Info  - 3:35:33 PM] (210767) indexed(3) 395 files over 1 exec env
2024-04-20 15:35:34.846 [info] [Info  - 3:35:34 PM] (210767) Indexing finished(3).
2024-04-20 15:38:36.051 [info] [Error - 3:38:36 PM] Server process exited with code 0.
2024-04-20 15:38:36.922 [info] (Client) Pylance async client (2024.3.2) started with python extension (2024.2.1)
2024-04-20 15:38:37.813 [info] [Info  - 3:38:37 PM] (212981) Pylance language server 2024.3.2 (pyright version 1.1.351, commit 87171fbf) starting
2024-04-20 15:38:37.814 [info] [Info  - 3:38:37 PM] (212981) Server root directory: file:///teamspace/studios/this_studio/.vscode-server/extensions/ms-python.vscode-pylance-2024.3.2/dist
2024-04-20 15:38:37.832 [info] [Info  - 3:38:37 PM] (212981) Starting service instance "this_studio"
2024-04-20 15:38:37.897 [info] [Info  - 3:38:37 PM] (212981) Setting pythonPath for service "this_studio": "/home/zeus/miniconda3/envs/cloudspace/bin/python"
2024-04-20 15:38:37.901 [info] [Info  - 3:38:37 PM] (212981) Setting environmentName for service "this_studio": "3.10.10 (cloudspace conda)"
2024-04-20 15:38:37.901 [info] [Info  - 3:38:37 PM] (212981) Loading pyproject.toml file at /teamspace/studios/this_studio/pyproject.toml
2024-04-20 15:38:37.904 [info] [Info  - 3:38:37 PM] (212981) Pyproject file "/teamspace/studios/this_studio/pyproject.toml" has no "[tool.pyright]" section.
2024-04-20 15:38:37.958 [info] [Info  - 3:38:37 PM] (212981) Assuming Python version 3.10
2024-04-20 15:38:38.462 [info] [Info  - 3:38:38 PM] (212981) Found 4 source files
2024-04-20 15:38:38.664 [info] [Info  - 3:38:38 PM] (212981) Background analysis(1) root directory: file:///teamspace/studios/this_studio/.vscode-server/extensions/ms-python.vscode-pylance-2024.3.2/dist
2024-04-20 15:38:38.665 [info] [Info  - 3:38:38 PM] (212981) Background analysis(1) started
2024-04-20 15:38:39.528 [info] [Info  - 3:38:39 PM] (212981) Indexer background runner(2) root directory: file:///teamspace/studios/this_studio/.vscode-server/extensions/ms-python.vscode-pylance-2024.3.2/dist (index)
2024-04-20 15:38:39.528 [info] [Info  - 3:38:39 PM] (212981) Indexing(2) started
2024-04-20 15:38:43.779 [info] [Info  - 3:38:43 PM] (212981) [IDX(2)] Long operation: scan packages file:///teamspace/studios/this_studio (4242ms)
2024-04-20 15:38:43.780 [info] [Info  - 3:38:43 PM] (212981) scanned(2) 521 files over 1 exec env
2024-04-20 15:38:44.740 [info] [Info  - 3:38:44 PM] (212981) [BG(1)] Long operation: checking: file:///teamspace/studios/this_studio/src/financial_analyst_crew/crew.py (4644ms)
2024-04-20 15:38:44.740 [info] [Info  - 3:38:44 PM] (212981) [BG(1)] Long operation: analyzing: file:///teamspace/studios/this_studio/src/financial_analyst_crew/crew.py (5918ms)
2024-04-20 15:38:47.248 [info] [Info  - 3:38:47 PM] (212981) indexed(2) 395 files over 1 exec env
2024-04-20 15:38:48.305 [info] [Info  - 3:38:48 PM] (212981) Indexing finished(2).
