2024-04-20 15:34:14.757 [info] Extension host with pid 209224 started
2024-04-20 15:34:16.672 [info] ExtensionService#_doActivateExtension vscode.git-base, startup: true, activationEvent: '*', root cause: vscode.git
2024-04-20 15:34:16.673 [info] ExtensionService#_doActivateExtension gitpod.gitpod-remote-ssh, startup: true, activationEvent: '*'
2024-04-20 15:34:17.588 [info] ExtensionService#_doActivateExtension vscode.git, startup: true, activationEvent: '*'
2024-04-20 15:34:17.588 [info] ExtensionService#_doActivateExtension vscode.github, startup: true, activationEvent: '*'
2024-04-20 15:34:17.753 [error] Activating extension gitpod.gitpod-remote-ssh failed due to an error:
2024-04-20 15:34:17.753 [error] Error: 14 UNAVAILABLE: No connection established
	at t.callErrorFromStatus (/teamspace/studios/this_studio/.vscode-server/extensions/gitpod.gitpod-remote-ssh-0.0.51/out/extension.js:2:623677)
	at Object.onReceiveStatus (/teamspace/studios/this_studio/.vscode-server/extensions/gitpod.gitpod-remote-ssh-0.0.51/out/extension.js:2:648884)
	at Object.onReceiveStatus (/teamspace/studios/this_studio/.vscode-server/extensions/gitpod.gitpod-remote-ssh-0.0.51/out/extension.js:2:644769)
	at Object.onReceiveStatus (/teamspace/studios/this_studio/.vscode-server/extensions/gitpod.gitpod-remote-ssh-0.0.51/out/extension.js:2:644214)
	at /teamspace/studios/this_studio/.vscode-server/extensions/gitpod.gitpod-remote-ssh-0.0.51/out/extension.js:2:728196
	at process.processTicksAndRejections (node:internal/process/task_queues:77:11)
for call at
	at n.makeUnaryRequest (/teamspace/studios/this_studio/.vscode-server/extensions/gitpod.gitpod-remote-ssh-0.0.51/out/extension.js:2:648425)
	at n.workspaceInfo (/teamspace/studios/this_studio/.vscode-server/extensions/gitpod.gitpod-remote-ssh-0.0.51/out/extension.js:2:713599)
	at node:internal/util:381:7
	at new Promise (<anonymous>)
	at bound  (node:internal/util:367:12)
	at A.getWorkspaceInfo (/teamspace/studios/this_studio/.vscode-server/extensions/gitpod.gitpod-remote-ssh-0.0.51/out/extension.js:2:1399217)
	at t.createGitpodExtensionContext (/teamspace/studios/this_studio/.vscode-server/extensions/gitpod.gitpod-remote-ssh-0.0.51/out/extension.js:2:1376425)
	at t.setupGitpodContext (/teamspace/studios/this_studio/.vscode-server/extensions/gitpod.gitpod-remote-ssh-0.0.51/out/extension.js:2:1369758)
	at t.activate (/teamspace/studios/this_studio/.vscode-server/extensions/gitpod.gitpod-remote-ssh-0.0.51/out/extension.js:2:338502)
	at W.ib (/teamspace/studios/this_studio/.vscode-server/bin/8b3775030ed1a69b13e4f4c628c612102e30a681/out/vs/workbench/api/node/extensionHostProcess.js:154:13237)
	at W.hb (/teamspace/studios/this_studio/.vscode-server/bin/8b3775030ed1a69b13e4f4c628c612102e30a681/out/vs/workbench/api/node/extensionHostProcess.js:154:12951)
	at /teamspace/studios/this_studio/.vscode-server/bin/8b3775030ed1a69b13e4f4c628c612102e30a681/out/vs/workbench/api/node/extensionHostProcess.js:154:11080
	at async l.n (/teamspace/studios/this_studio/.vscode-server/bin/8b3775030ed1a69b13e4f4c628c612102e30a681/out/vs/workbench/api/node/extensionHostProcess.js:140:6255)
	at async l.m (/teamspace/studios/this_studio/.vscode-server/bin/8b3775030ed1a69b13e4f4c628c612102e30a681/out/vs/workbench/api/node/extensionHostProcess.js:140:6218)
	at async l (/teamspace/studios/this_studio/.vscode-server/bin/8b3775030ed1a69b13e4f4c628c612102e30a681/out/vs/workbench/api/node/extensionHostProcess.js:140:5675)
2024-04-20 15:34:18.147 [info] Eager extensions activated
2024-04-20 15:34:18.148 [info] ExtensionService#_doActivateExtension vscode.debug-auto-launch, startup: false, activationEvent: 'onStartupFinished'
2024-04-20 15:34:18.148 [info] ExtensionService#_doActivateExtension vscode.merge-conflict, startup: false, activationEvent: 'onStartupFinished'
2024-04-20 15:38:36.477 [info] ExtensionService#_doActivateExtension GitHub.vscode-pull-request-github, startup: false, activationEvent: 'onStartupFinished'
2024-04-20 15:51:05.320 [info] Extension host terminating: received terminate message from renderer
2024-04-20 15:51:05.338 [error] Canceled: Canceled
	at new g (/teamspace/studios/this_studio/.vscode-server/bin/8b3775030ed1a69b13e4f4c628c612102e30a681/out/vs/workbench/api/node/extensionHostProcess.js:141:110274)
	at u.U (/teamspace/studios/this_studio/.vscode-server/bin/8b3775030ed1a69b13e4f4c628c612102e30a681/out/vs/workbench/api/node/extensionHostProcess.js:150:10866)
	at P.<computed>.j.charCodeAt.P.<computed> (/teamspace/studios/this_studio/.vscode-server/bin/8b3775030ed1a69b13e4f4c628c612102e30a681/out/vs/workbench/api/node/extensionHostProcess.js:150:8317)
	at d.g (/teamspace/studios/this_studio/.vscode-server/bin/8b3775030ed1a69b13e4f4c628c612102e30a681/out/vs/workbench/api/node/extensionHostProcess.js:141:139555)
	at d.executeCommand (/teamspace/studios/this_studio/.vscode-server/bin/8b3775030ed1a69b13e4f4c628c612102e30a681/out/vs/workbench/api/node/extensionHostProcess.js:141:138993)
	at b.registerCommand.description (/teamspace/studios/this_studio/.vscode-server/bin/8b3775030ed1a69b13e4f4c628c612102e30a681/out/vs/workbench/api/node/extensionHostProcess.js:141:138317)
	at d.h (/teamspace/studios/this_studio/.vscode-server/bin/8b3775030ed1a69b13e4f4c628c612102e30a681/out/vs/workbench/api/node/extensionHostProcess.js:141:140094)
	at d.g (/teamspace/studios/this_studio/.vscode-server/bin/8b3775030ed1a69b13e4f4c628c612102e30a681/out/vs/workbench/api/node/extensionHostProcess.js:141:139086)
	at d.executeCommand (/teamspace/studios/this_studio/.vscode-server/bin/8b3775030ed1a69b13e4f4c628c612102e30a681/out/vs/workbench/api/node/extensionHostProcess.js:141:138993)
	at Object.executeCommand (/teamspace/studios/this_studio/.vscode-server/bin/8b3775030ed1a69b13e4f4c628c612102e30a681/out/vs/workbench/api/node/extensionHostProcess.js:158:21333)
	at l2.reset (/teamspace/studios/this_studio/.vscode-server/extensions/github.vscode-pull-request-github-0.78.1/dist/extension.js:2229:7420)
	at l2.dispose (/teamspace/studios/this_studio/.vscode-server/extensions/github.vscode-pull-request-github-0.78.1/dist/extension.js:2229:7691)
	at s (/teamspace/studios/this_studio/.vscode-server/bin/8b3775030ed1a69b13e4f4c628c612102e30a681/out/vs/workbench/api/node/extensionHostProcess.js:30:754)
	at f.cb (/teamspace/studios/this_studio/.vscode-server/bin/8b3775030ed1a69b13e4f4c628c612102e30a681/out/vs/workbench/api/node/extensionHostProcess.js:154:9873)
	at /teamspace/studios/this_studio/.vscode-server/bin/8b3775030ed1a69b13e4f4c628c612102e30a681/out/vs/workbench/api/node/extensionHostProcess.js:154:7808
	at Array.map (<anonymous>)
	at f.Y (/teamspace/studios/this_studio/.vscode-server/bin/8b3775030ed1a69b13e4f4c628c612102e30a681/out/vs/workbench/api/node/extensionHostProcess.js:154:7795)
	at f.terminate (/teamspace/studios/this_studio/.vscode-server/bin/8b3775030ed1a69b13e4f4c628c612102e30a681/out/vs/workbench/api/node/extensionHostProcess.js:154:8068)
	at s.terminate (/teamspace/studios/this_studio/.vscode-server/bin/8b3775030ed1a69b13e4f4c628c612102e30a681/out/vs/workbench/api/node/extensionHostProcess.js:158:1513)
	at a (/teamspace/studios/this_studio/.vscode-server/bin/8b3775030ed1a69b13e4f4c628c612102e30a681/out/vs/workbench/api/node/extensionHostProcess.js:171:9802)
	at f.value (/teamspace/studios/this_studio/.vscode-server/bin/8b3775030ed1a69b13e4f4c628c612102e30a681/out/vs/workbench/api/node/extensionHostProcess.js:171:7849)
	at n.y (/teamspace/studios/this_studio/.vscode-server/bin/8b3775030ed1a69b13e4f4c628c612102e30a681/out/vs/workbench/api/node/extensionHostProcess.js:80:1902)
	at n.fire (/teamspace/studios/this_studio/.vscode-server/bin/8b3775030ed1a69b13e4f4c628c612102e30a681/out/vs/workbench/api/node/extensionHostProcess.js:80:2119)
	at o.fire (/teamspace/studios/this_studio/.vscode-server/bin/8b3775030ed1a69b13e4f4c628c612102e30a681/out/vs/workbench/api/node/extensionHostProcess.js:103:14039)
	at d.z (/teamspace/studios/this_studio/.vscode-server/bin/8b3775030ed1a69b13e4f4c628c612102e30a681/out/vs/workbench/api/node/extensionHostProcess.js:103:17104)
	at f.value (/teamspace/studios/this_studio/.vscode-server/bin/8b3775030ed1a69b13e4f4c628c612102e30a681/out/vs/workbench/api/node/extensionHostProcess.js:103:15556)
	at n.y (/teamspace/studios/this_studio/.vscode-server/bin/8b3775030ed1a69b13e4f4c628c612102e30a681/out/vs/workbench/api/node/extensionHostProcess.js:80:1902)
	at n.fire (/teamspace/studios/this_studio/.vscode-server/bin/8b3775030ed1a69b13e4f4c628c612102e30a681/out/vs/workbench/api/node/extensionHostProcess.js:80:2119)
	at f.acceptChunk (/teamspace/studios/this_studio/.vscode-server/bin/8b3775030ed1a69b13e4f4c628c612102e30a681/out/vs/workbench/api/node/extensionHostProcess.js:103:11813)
	at f.value (/teamspace/studios/this_studio/.vscode-server/bin/8b3775030ed1a69b13e4f4c628c612102e30a681/out/vs/workbench/api/node/extensionHostProcess.js:103:11100)
	at n.y (/teamspace/studios/this_studio/.vscode-server/bin/8b3775030ed1a69b13e4f4c628c612102e30a681/out/vs/workbench/api/node/extensionHostProcess.js:80:1902)
	at n.fire (/teamspace/studios/this_studio/.vscode-server/bin/8b3775030ed1a69b13e4f4c628c612102e30a681/out/vs/workbench/api/node/extensionHostProcess.js:80:2119)
	at n.z (/teamspace/studios/this_studio/.vscode-server/bin/8b3775030ed1a69b13e4f4c628c612102e30a681/out/vs/workbench/api/node/extensionHostProcess.js:168:19507) setContext undefined
2024-04-20 15:51:05.338 [info] Extension host with pid 209224 exiting with code 0
