2024-04-17 18:35:15.337 [info] Log level: Info
2024-04-17 18:35:15.337 [info] Validating found git in: "git"
2024-04-17 18:35:15.337 [info] Using git "2.42.0" from "git"
2024-04-17 18:35:15.337 [info] > git rev-parse --show-toplevel [17ms]
2024-04-17 18:35:15.337 [info] /bin/bash: warning: setlocale: LC_ALL: cannot change locale (en_US.UTF-8)
fatal: not a git repository (or any parent up to mount point /teamspace/studios)
Stopping at filesystem boundary (GIT_DISCOVERY_ACROSS_FILESYSTEM not set).
2024-04-17 18:35:15.337 [info] > git rev-parse --show-toplevel [17ms]
2024-04-17 18:35:15.337 [info] /bin/bash: warning: setlocale: LC_ALL: cannot change locale (en_US.UTF-8)
fatal: not a git repository (or any parent up to mount point /teamspace/studios)
Stopping at filesystem boundary (GIT_DISCOVERY_ACROSS_FILESYSTEM not set).
2024-04-17 18:35:15.337 [info] > git rev-parse --show-toplevel [17ms]
2024-04-17 18:35:15.337 [info] /bin/bash: warning: setlocale: LC_ALL: cannot change locale (en_US.UTF-8)
fatal: not a git repository (or any parent up to mount point /teamspace/studios)
Stopping at filesystem boundary (GIT_DISCOVERY_ACROSS_FILESYSTEM not set).
2024-04-17 18:35:15.337 [info] > git rev-parse --show-toplevel [16ms]
2024-04-17 18:35:15.337 [info] /bin/bash: warning: setlocale: LC_ALL: cannot change locale (en_US.UTF-8)
fatal: not a git repository (or any parent up to mount point /teamspace/studios)
Stopping at filesystem boundary (GIT_DISCOVERY_ACROSS_FILESYSTEM not set).
2024-04-17 18:35:15.337 [info] > git rev-parse --show-toplevel [17ms]
2024-04-17 18:35:15.337 [info] /bin/bash: warning: setlocale: LC_ALL: cannot change locale (en_US.UTF-8)
fatal: not a git repository (or any parent up to mount point /teamspace/studios)
Stopping at filesystem boundary (GIT_DISCOVERY_ACROSS_FILESYSTEM not set).
2024-04-17 18:35:15.604 [info] > git rev-parse --show-toplevel [16ms]
2024-04-17 18:35:15.605 [info] /bin/bash: warning: setlocale: LC_ALL: cannot change locale (en_US.UTF-8)
fatal: not a git repository (or any parent up to mount point /teamspace/studios)
Stopping at filesystem boundary (GIT_DISCOVERY_ACROSS_FILESYSTEM not set).
2024-04-17 18:35:50.664 [info] > git rev-parse --show-toplevel [17ms]
2024-04-17 18:35:50.665 [info] /bin/bash: warning: setlocale: LC_ALL: cannot change locale (en_US.UTF-8)
fatal: not a git repository (or any parent up to mount point /teamspace/studios)
Stopping at filesystem boundary (GIT_DISCOVERY_ACROSS_FILESYSTEM not set).
2024-04-17 18:36:07.036 [info] > git rev-parse --show-toplevel [18ms]
2024-04-17 18:36:07.036 [info] /bin/bash: warning: setlocale: LC_ALL: cannot change locale (en_US.UTF-8)
fatal: not a git repository (or any parent up to mount point /teamspace/studios)
Stopping at filesystem boundary (GIT_DISCOVERY_ACROSS_FILESYSTEM not set).
