*
* Visual Studio Code Server
*
* By using the software, you agree to
* the Visual Studio Code Server License Terms (https://aka.ms/vscode-server-license) and
* the Microsoft Privacy Statement (https://privacy.microsoft.com/en-US/privacystatement).
*
Server bound to 127.0.0.1:50499 (IPv4)
Extension host agent listening on 50499

[15:34:11] 




[15:34:11] Installing extensions...
[15:34:11] Extension host agent started.
[15:34:11] [gitpod-remote-ssh]: Couldn't find message for key openBrowser.
[15:34:11] [gitpod-remote-ssh]: Couldn't find message for key openPreview.
[15:34:11] [gitpod-remote-ssh]: Couldn't find message for key makeHTTPS.
[15:34:11] [gitpod-remote-ssh]: Couldn't find message for key makeHTTP.
[15:34:11] [gitpod-remote-ssh]: Couldn't find message for key openBrowser.
[15:34:11] [gitpod-remote-ssh]: Couldn't find message for key openPreview.
[15:34:11] [gitpod-remote-ssh]: Couldn't find message for key makeHTTPS.
[15:34:11] [gitpod-remote-ssh]: Couldn't find message for key makeHTTP.
[15:34:11] [gitpod-remote-ssh]: Couldn't find message for key openBrowser.
[15:34:11] [gitpod-remote-ssh]: Couldn't find message for key openPreview.
[15:34:11] [gitpod-remote-ssh]: Couldn't find message for key makeHTTPS.
[15:34:11] [gitpod-remote-ssh]: Couldn't find message for key makeHTTP.
[15:34:11] Extension 'gitpod.gitpod-remote-ssh' v0.0.51 is already installed. Use '--force' option to update to latest version or provide '@<version>' to install a specific version, for example: 'gitpod.gitpod-remote-ssh@1.2.3'.
[15:34:11] [gitpod-remote-ssh]: Couldn't find message for key openBrowser.
[15:34:11] [gitpod-remote-ssh]: Couldn't find message for key openPreview.
[15:34:11] [gitpod-remote-ssh]: Couldn't find message for key makeHTTPS.
[15:34:11] [gitpod-remote-ssh]: Couldn't find message for key makeHTTP.
[15:34:11] [gitpod-remote-ssh]: Couldn't find message for key openBrowser.
[15:34:11] [gitpod-remote-ssh]: Couldn't find message for key openPreview.
[15:34:11] [gitpod-remote-ssh]: Couldn't find message for key makeHTTPS.
[15:34:11] [gitpod-remote-ssh]: Couldn't find message for key makeHTTP.
[15:34:11] Deleted uninstalled extension from disk gitpod.gitpod-remote-ssh /teamspace/studios/this_studio/.vscode-server/extensions/gitpod.gitpod-remote-ssh-0.0.50
[15:34:12] [127.0.0.1][aacd38fa][ManagementConnection] New connection established.
[15:34:12] [127.0.0.1][304118c7][ExtensionHostConnection] New connection established.
[15:34:12] [gitpod-remote-ssh]: Couldn't find message for key openBrowser.
[15:34:12] [gitpod-remote-ssh]: Couldn't find message for key openPreview.
[15:34:12] [gitpod-remote-ssh]: Couldn't find message for key makeHTTPS.
[15:34:12] [gitpod-remote-ssh]: Couldn't find message for key makeHTTP.
[15:34:12] [127.0.0.1][304118c7][ExtensionHostConnection] <209224> Launched Extension Host Process.
[15:34:12] [gitpod-remote-ssh]: Couldn't find message for key openBrowser.
[15:34:12] [gitpod-remote-ssh]: Couldn't find message for key openPreview.
[15:34:12] [gitpod-remote-ssh]: Couldn't find message for key makeHTTPS.
[15:34:12] [gitpod-remote-ssh]: Couldn't find message for key makeHTTP.
[15:34:12] [gitpod-remote-ssh]: Couldn't find message for key openBrowser.
[15:34:12] [gitpod-remote-ssh]: Couldn't find message for key openPreview.
[15:34:12] [gitpod-remote-ssh]: Couldn't find message for key makeHTTPS.
[15:34:12] [gitpod-remote-ssh]: Couldn't find message for key makeHTTP.
[15:34:13] [gitpod-remote-ssh]: Couldn't find message for key openBrowser.
[15:34:13] [gitpod-remote-ssh]: Couldn't find message for key openPreview.
[15:34:13] [gitpod-remote-ssh]: Couldn't find message for key makeHTTPS.
[15:34:13] [gitpod-remote-ssh]: Couldn't find message for key makeHTTP.
[15:34:13] [gitpod-remote-ssh]: Couldn't find message for key openBrowser.
[15:34:13] [gitpod-remote-ssh]: Couldn't find message for key openPreview.
[15:34:13] [gitpod-remote-ssh]: Couldn't find message for key makeHTTPS.
[15:34:13] [gitpod-remote-ssh]: Couldn't find message for key makeHTTP.
[15:34:13] [gitpod-remote-ssh]: Couldn't find message for key openBrowser.
[15:34:13] [gitpod-remote-ssh]: Couldn't find message for key openPreview.
[15:34:13] [gitpod-remote-ssh]: Couldn't find message for key makeHTTPS.
[15:34:13] [gitpod-remote-ssh]: Couldn't find message for key makeHTTP.
[15:34:13] [gitpod-remote-ssh]: Couldn't find message for key openBrowser.
[15:34:13] [gitpod-remote-ssh]: Couldn't find message for key openPreview.
[15:34:13] [gitpod-remote-ssh]: Couldn't find message for key makeHTTPS.
[15:34:13] [gitpod-remote-ssh]: Couldn't find message for key makeHTTP.
[15:34:13] [gitpod-remote-ssh]: Couldn't find message for key openBrowser.
[15:34:13] [gitpod-remote-ssh]: Couldn't find message for key openPreview.
[15:34:13] [gitpod-remote-ssh]: Couldn't find message for key makeHTTPS.
[15:34:13] [gitpod-remote-ssh]: Couldn't find message for key makeHTTP.
[15:34:14] [gitpod-remote-ssh]: Couldn't find message for key openBrowser.
[15:34:14] [gitpod-remote-ssh]: Couldn't find message for key openPreview.
[15:34:14] [gitpod-remote-ssh]: Couldn't find message for key makeHTTPS.
[15:34:14] [gitpod-remote-ssh]: Couldn't find message for key makeHTTP.
[15:34:16] [gitpod-remote-ssh]: Couldn't find message for key openBrowser.
[15:34:16] [gitpod-remote-ssh]: Couldn't find message for key openPreview.
[15:34:16] [gitpod-remote-ssh]: Couldn't find message for key makeHTTPS.
[15:34:16] [gitpod-remote-ssh]: Couldn't find message for key makeHTTP.
[15:34:16] [gitpod-remote-ssh]: Couldn't find message for key openBrowser.
[15:34:16] [gitpod-remote-ssh]: Couldn't find message for key openPreview.
[15:34:16] [gitpod-remote-ssh]: Couldn't find message for key makeHTTPS.
[15:34:16] [gitpod-remote-ssh]: Couldn't find message for key makeHTTP.
[15:34:18] [gitpod-remote-ssh]: Couldn't find message for key openBrowser.
[15:34:18] [gitpod-remote-ssh]: Couldn't find message for key openPreview.
[15:34:18] [gitpod-remote-ssh]: Couldn't find message for key makeHTTPS.
[15:34:18] [gitpod-remote-ssh]: Couldn't find message for key makeHTTP.
[15:34:18] [gitpod-remote-ssh]: Couldn't find message for key openBrowser.
[15:34:18] [gitpod-remote-ssh]: Couldn't find message for key openPreview.
[15:34:18] [gitpod-remote-ssh]: Couldn't find message for key makeHTTPS.
[15:34:18] [gitpod-remote-ssh]: Couldn't find message for key makeHTTP.
[15:34:19] [gitpod-remote-ssh]: Couldn't find message for key openBrowser.
[15:34:19] [gitpod-remote-ssh]: Couldn't find message for key openPreview.
[15:34:19] [gitpod-remote-ssh]: Couldn't find message for key makeHTTPS.
[15:34:19] [gitpod-remote-ssh]: Couldn't find message for key makeHTTP.
[15:34:19] [gitpod-remote-ssh]: Couldn't find message for key openBrowser.
[15:34:19] [gitpod-remote-ssh]: Couldn't find message for key openPreview.
[15:34:19] [gitpod-remote-ssh]: Couldn't find message for key makeHTTPS.
[15:34:19] [gitpod-remote-ssh]: Couldn't find message for key makeHTTP.
[15:34:43] [127.0.0.1][b04f4139][ManagementConnection] New connection established.
[15:34:43] [127.0.0.1][a3cd37b1][ExtensionHostConnection] New connection established.
[15:34:43] [127.0.0.1][a3cd37b1][ExtensionHostConnection] <209908> Launched Extension Host Process.
[15:34:44] [gitpod-remote-ssh]: Couldn't find message for key openBrowser.
[15:34:44] [gitpod-remote-ssh]: Couldn't find message for key openPreview.
[15:34:44] [gitpod-remote-ssh]: Couldn't find message for key makeHTTPS.
[15:34:44] [gitpod-remote-ssh]: Couldn't find message for key makeHTTP.
[15:34:44] [gitpod-remote-ssh]: Couldn't find message for key openBrowser.
[15:34:44] [gitpod-remote-ssh]: Couldn't find message for key openPreview.
[15:34:44] [gitpod-remote-ssh]: Couldn't find message for key makeHTTPS.
[15:34:44] [gitpod-remote-ssh]: Couldn't find message for key makeHTTP.
[15:34:44] [gitpod-remote-ssh]: Couldn't find message for key openBrowser.
[15:34:44] [gitpod-remote-ssh]: Couldn't find message for key openPreview.
[15:34:44] [gitpod-remote-ssh]: Couldn't find message for key makeHTTPS.
[15:34:44] [gitpod-remote-ssh]: Couldn't find message for key makeHTTP.
[15:34:44] [gitpod-remote-ssh]: Couldn't find message for key openBrowser.
[15:34:44] [gitpod-remote-ssh]: Couldn't find message for key openPreview.
[15:34:44] [gitpod-remote-ssh]: Couldn't find message for key makeHTTPS.
[15:34:44] [gitpod-remote-ssh]: Couldn't find message for key makeHTTP.
[15:34:44] [gitpod-remote-ssh]: Couldn't find message for key openBrowser.
[15:34:44] [gitpod-remote-ssh]: Couldn't find message for key openPreview.
[15:34:44] [gitpod-remote-ssh]: Couldn't find message for key makeHTTPS.
[15:34:44] [gitpod-remote-ssh]: Couldn't find message for key makeHTTP.
[15:34:44] [gitpod-remote-ssh]: Couldn't find message for key openBrowser.
[15:34:44] [gitpod-remote-ssh]: Couldn't find message for key openPreview.
[15:34:44] [gitpod-remote-ssh]: Couldn't find message for key makeHTTPS.
[15:34:44] [gitpod-remote-ssh]: Couldn't find message for key makeHTTP.
[15:34:44] [gitpod-remote-ssh]: Couldn't find message for key openBrowser.
[15:34:44] [gitpod-remote-ssh]: Couldn't find message for key openPreview.
[15:34:44] [gitpod-remote-ssh]: Couldn't find message for key makeHTTPS.
[15:34:44] [gitpod-remote-ssh]: Couldn't find message for key makeHTTP.
[15:34:45] [gitpod-remote-ssh]: Couldn't find message for key openBrowser.
[15:34:45] [gitpod-remote-ssh]: Couldn't find message for key openPreview.
[15:34:45] [gitpod-remote-ssh]: Couldn't find message for key makeHTTPS.
[15:34:45] [gitpod-remote-ssh]: Couldn't find message for key makeHTTP.
[15:34:46] [gitpod-remote-ssh]: Couldn't find message for key openBrowser.
[15:34:46] [gitpod-remote-ssh]: Couldn't find message for key openPreview.
[15:34:46] [gitpod-remote-ssh]: Couldn't find message for key makeHTTPS.
[15:34:46] [gitpod-remote-ssh]: Couldn't find message for key makeHTTP.
[15:34:46] [gitpod-remote-ssh]: Couldn't find message for key openBrowser.
[15:34:46] [gitpod-remote-ssh]: Couldn't find message for key openPreview.
[15:34:46] [gitpod-remote-ssh]: Couldn't find message for key makeHTTPS.
[15:34:46] [gitpod-remote-ssh]: Couldn't find message for key makeHTTP.
[15:34:46] [gitpod-remote-ssh]: Couldn't find message for key openBrowser.
[15:34:46] [gitpod-remote-ssh]: Couldn't find message for key openPreview.
[15:34:46] [gitpod-remote-ssh]: Couldn't find message for key makeHTTPS.
[15:34:46] [gitpod-remote-ssh]: Couldn't find message for key makeHTTP.
[15:34:47] [gitpod-remote-ssh]: Couldn't find message for key openBrowser.
[15:34:47] [gitpod-remote-ssh]: Couldn't find message for key openPreview.
[15:34:47] [gitpod-remote-ssh]: Couldn't find message for key makeHTTPS.
[15:34:47] [gitpod-remote-ssh]: Couldn't find message for key makeHTTP.
[15:34:47] [gitpod-remote-ssh]: Couldn't find message for key openBrowser.
[15:34:47] [gitpod-remote-ssh]: Couldn't find message for key openPreview.
[15:34:47] [gitpod-remote-ssh]: Couldn't find message for key makeHTTPS.
[15:34:47] [gitpod-remote-ssh]: Couldn't find message for key makeHTTP.
[15:34:48] [gitpod-remote-ssh]: Couldn't find message for key openBrowser.
[15:34:48] [gitpod-remote-ssh]: Couldn't find message for key openPreview.
[15:34:48] [gitpod-remote-ssh]: Couldn't find message for key makeHTTPS.
[15:34:48] [gitpod-remote-ssh]: Couldn't find message for key makeHTTP.
[15:34:48] [gitpod-remote-ssh]: Couldn't find message for key openBrowser.
[15:34:48] [gitpod-remote-ssh]: Couldn't find message for key openPreview.
[15:34:48] [gitpod-remote-ssh]: Couldn't find message for key makeHTTPS.
[15:34:48] [gitpod-remote-ssh]: Couldn't find message for key makeHTTP.
[15:34:56] [127.0.0.1][b04f4139][ManagementConnection] The client has disconnected gracefully, so the connection will be disposed.
[15:34:56] [127.0.0.1][a3cd37b1][ExtensionHostConnection] <209908> Extension Host Process exited with code: 0, signal: null.
Cancelling previous shutdown timeout
[15:34:56] Cancelling previous shutdown timeout
[15:35:01] [127.0.0.1][f3387f3d][ManagementConnection] New connection established.
[15:35:01] [127.0.0.1][8845f9ff][ExtensionHostConnection] New connection established.
[15:35:01] [127.0.0.1][8845f9ff][ExtensionHostConnection] <210301> Launched Extension Host Process.
[15:35:01] [gitpod-remote-ssh]: Couldn't find message for key openBrowser.
[15:35:01] [gitpod-remote-ssh]: Couldn't find message for key openPreview.
[15:35:01] [gitpod-remote-ssh]: Couldn't find message for key makeHTTPS.
[15:35:01] [gitpod-remote-ssh]: Couldn't find message for key makeHTTP.
[15:35:01] [gitpod-remote-ssh]: Couldn't find message for key openBrowser.
[15:35:01] [gitpod-remote-ssh]: Couldn't find message for key openPreview.
[15:35:01] [gitpod-remote-ssh]: Couldn't find message for key makeHTTPS.
[15:35:01] [gitpod-remote-ssh]: Couldn't find message for key makeHTTP.
[15:35:01] [gitpod-remote-ssh]: Couldn't find message for key openBrowser.
[15:35:01] [gitpod-remote-ssh]: Couldn't find message for key openPreview.
[15:35:01] [gitpod-remote-ssh]: Couldn't find message for key makeHTTPS.
[15:35:01] [gitpod-remote-ssh]: Couldn't find message for key makeHTTP.
[15:35:02] [gitpod-remote-ssh]: Couldn't find message for key openBrowser.
[15:35:02] [gitpod-remote-ssh]: Couldn't find message for key openPreview.
[15:35:02] [gitpod-remote-ssh]: Couldn't find message for key makeHTTPS.
[15:35:02] [gitpod-remote-ssh]: Couldn't find message for key makeHTTP.
[15:35:02] [gitpod-remote-ssh]: Couldn't find message for key openBrowser.
[15:35:02] [gitpod-remote-ssh]: Couldn't find message for key openPreview.
[15:35:02] [gitpod-remote-ssh]: Couldn't find message for key makeHTTPS.
[15:35:02] [gitpod-remote-ssh]: Couldn't find message for key makeHTTP.
[15:35:02] [gitpod-remote-ssh]: Couldn't find message for key openBrowser.
[15:35:02] [gitpod-remote-ssh]: Couldn't find message for key openPreview.
[15:35:02] [gitpod-remote-ssh]: Couldn't find message for key makeHTTPS.
[15:35:02] [gitpod-remote-ssh]: Couldn't find message for key makeHTTP.
[15:35:02] [gitpod-remote-ssh]: Couldn't find message for key openBrowser.
[15:35:02] [gitpod-remote-ssh]: Couldn't find message for key openPreview.
[15:35:02] [gitpod-remote-ssh]: Couldn't find message for key makeHTTPS.
[15:35:02] [gitpod-remote-ssh]: Couldn't find message for key makeHTTP.
[15:35:02] [gitpod-remote-ssh]: Couldn't find message for key openBrowser.
[15:35:02] [gitpod-remote-ssh]: Couldn't find message for key openPreview.
[15:35:02] [gitpod-remote-ssh]: Couldn't find message for key makeHTTPS.
[15:35:02] [gitpod-remote-ssh]: Couldn't find message for key makeHTTP.
[15:35:03] [gitpod-remote-ssh]: Couldn't find message for key openBrowser.
[15:35:03] [gitpod-remote-ssh]: Couldn't find message for key openPreview.
[15:35:03] [gitpod-remote-ssh]: Couldn't find message for key makeHTTPS.
[15:35:03] [gitpod-remote-ssh]: Couldn't find message for key makeHTTP.
[15:35:04] [gitpod-remote-ssh]: Couldn't find message for key openBrowser.
[15:35:04] [gitpod-remote-ssh]: Couldn't find message for key openPreview.
[15:35:04] [gitpod-remote-ssh]: Couldn't find message for key makeHTTPS.
[15:35:04] [gitpod-remote-ssh]: Couldn't find message for key makeHTTP.
[15:35:07] [gitpod-remote-ssh]: Couldn't find message for key openBrowser.
[15:35:07] [gitpod-remote-ssh]: Couldn't find message for key openPreview.
[15:35:07] [gitpod-remote-ssh]: Couldn't find message for key makeHTTPS.
[15:35:07] [gitpod-remote-ssh]: Couldn't find message for key makeHTTP.
[15:35:07] [gitpod-remote-ssh]: Couldn't find message for key openBrowser.
[15:35:07] [gitpod-remote-ssh]: Couldn't find message for key openPreview.
[15:35:07] [gitpod-remote-ssh]: Couldn't find message for key makeHTTPS.
[15:35:07] [gitpod-remote-ssh]: Couldn't find message for key makeHTTP.
[15:35:09] [gitpod-remote-ssh]: Couldn't find message for key openBrowser.
[15:35:09] [gitpod-remote-ssh]: Couldn't find message for key openPreview.
[15:35:09] [gitpod-remote-ssh]: Couldn't find message for key makeHTTPS.
[15:35:09] [gitpod-remote-ssh]: Couldn't find message for key makeHTTP.
[15:35:09] [gitpod-remote-ssh]: Couldn't find message for key openBrowser.
[15:35:09] [gitpod-remote-ssh]: Couldn't find message for key openPreview.
[15:35:09] [gitpod-remote-ssh]: Couldn't find message for key makeHTTPS.
[15:35:09] [gitpod-remote-ssh]: Couldn't find message for key makeHTTP.
rejected promise not handled within 1 second: CodeExpectedError: Could not find pty on pty host
stack trace: CodeExpectedError: Could not find pty on pty host
    at A.U (/teamspace/studios/this_studio/.vscode-server/bin/8b3775030ed1a69b13e4f4c628c612102e30a681/out/vs/platform/terminal/node/ptyHostMain.js:43:32377)
    at A.updateTitle (/teamspace/studios/this_studio/.vscode-server/bin/8b3775030ed1a69b13e4f4c628c612102e30a681/out/vs/platform/terminal/node/ptyHostMain.js:43:27509)
    at T.<computed> (/teamspace/studios/this_studio/.vscode-server/bin/8b3775030ed1a69b13e4f4c628c612102e30a681/out/vs/platform/terminal/node/ptyHostMain.js:43:22735)
    at Object.call (/teamspace/studios/this_studio/.vscode-server/bin/8b3775030ed1a69b13e4f4c628c612102e30a681/out/vs/platform/terminal/node/ptyHostMain.js:34:5041)
    at g.s (/teamspace/studios/this_studio/.vscode-server/bin/8b3775030ed1a69b13e4f4c628c612102e30a681/out/vs/platform/terminal/node/ptyHostMain.js:32:5153)
    at g.q (/teamspace/studios/this_studio/.vscode-server/bin/8b3775030ed1a69b13e4f4c628c612102e30a681/out/vs/platform/terminal/node/ptyHostMain.js:32:4662)
    at a.value (/teamspace/studios/this_studio/.vscode-server/bin/8b3775030ed1a69b13e4f4c628c612102e30a681/out/vs/platform/terminal/node/ptyHostMain.js:32:4064)
    at i.y (/teamspace/studios/this_studio/.vscode-server/bin/8b3775030ed1a69b13e4f4c628c612102e30a681/out/vs/platform/terminal/node/ptyHostMain.js:27:1906)
    at i.fire (/teamspace/studios/this_studio/.vscode-server/bin/8b3775030ed1a69b13e4f4c628c612102e30a681/out/vs/platform/terminal/node/ptyHostMain.js:27:2123)
    at process.ce (/teamspace/studios/this_studio/.vscode-server/bin/8b3775030ed1a69b13e4f4c628c612102e30a681/out/vs/platform/terminal/node/ptyHostMain.js:25:10117)
    at process.emit (node:events:513:28)
    at emit (node:internal/child_process:937:14)
    at process.processTicksAndRejections (node:internal/process/task_queues:83:21)
[15:35:09] Error [CodeExpectedError]: Could not find pty on pty host
    at A.U (/teamspace/studios/this_studio/.vscode-server/bin/8b3775030ed1a69b13e4f4c628c612102e30a681/out/vs/platform/terminal/node/ptyHostMain.js:43:32377)
    at A.updateTitle (/teamspace/studios/this_studio/.vscode-server/bin/8b3775030ed1a69b13e4f4c628c612102e30a681/out/vs/platform/terminal/node/ptyHostMain.js:43:27509)
    at T.<computed> (/teamspace/studios/this_studio/.vscode-server/bin/8b3775030ed1a69b13e4f4c628c612102e30a681/out/vs/platform/terminal/node/ptyHostMain.js:43:22735)
    at Object.call (/teamspace/studios/this_studio/.vscode-server/bin/8b3775030ed1a69b13e4f4c628c612102e30a681/out/vs/platform/terminal/node/ptyHostMain.js:34:5041)
    at g.s (/teamspace/studios/this_studio/.vscode-server/bin/8b3775030ed1a69b13e4f4c628c612102e30a681/out/vs/platform/terminal/node/ptyHostMain.js:32:5153)
    at g.q (/teamspace/studios/this_studio/.vscode-server/bin/8b3775030ed1a69b13e4f4c628c612102e30a681/out/vs/platform/terminal/node/ptyHostMain.js:32:4662)
    at a.value (/teamspace/studios/this_studio/.vscode-server/bin/8b3775030ed1a69b13e4f4c628c612102e30a681/out/vs/platform/terminal/node/ptyHostMain.js:32:4064)
    at i.y (/teamspace/studios/this_studio/.vscode-server/bin/8b3775030ed1a69b13e4f4c628c612102e30a681/out/vs/platform/terminal/node/ptyHostMain.js:27:1906)
    at i.fire (/teamspace/studios/this_studio/.vscode-server/bin/8b3775030ed1a69b13e4f4c628c612102e30a681/out/vs/platform/terminal/node/ptyHostMain.js:27:2123)
    at process.ce (/teamspace/studios/this_studio/.vscode-server/bin/8b3775030ed1a69b13e4f4c628c612102e30a681/out/vs/platform/terminal/node/ptyHostMain.js:25:10117)
    at process.emit (node:events:513:28)
    at emit (node:internal/child_process:937:14)
    at process.processTicksAndRejections (node:internal/process/task_queues:83:21)
rejected promise not handled within 1 second: CodeExpectedError: Could not find pty on pty host
stack trace: CodeExpectedError: Could not find pty on pty host
    at A.U (/teamspace/studios/this_studio/.vscode-server/bin/8b3775030ed1a69b13e4f4c628c612102e30a681/out/vs/platform/terminal/node/ptyHostMain.js:43:32377)
    at A.updateIcon (/teamspace/studios/this_studio/.vscode-server/bin/8b3775030ed1a69b13e4f4c628c612102e30a681/out/vs/platform/terminal/node/ptyHostMain.js:43:27562)
    at T.<computed> (/teamspace/studios/this_studio/.vscode-server/bin/8b3775030ed1a69b13e4f4c628c612102e30a681/out/vs/platform/terminal/node/ptyHostMain.js:43:22735)
    at Object.call (/teamspace/studios/this_studio/.vscode-server/bin/8b3775030ed1a69b13e4f4c628c612102e30a681/out/vs/platform/terminal/node/ptyHostMain.js:34:5041)
    at g.s (/teamspace/studios/this_studio/.vscode-server/bin/8b3775030ed1a69b13e4f4c628c612102e30a681/out/vs/platform/terminal/node/ptyHostMain.js:32:5153)
    at g.q (/teamspace/studios/this_studio/.vscode-server/bin/8b3775030ed1a69b13e4f4c628c612102e30a681/out/vs/platform/terminal/node/ptyHostMain.js:32:4662)
    at a.value (/teamspace/studios/this_studio/.vscode-server/bin/8b3775030ed1a69b13e4f4c628c612102e30a681/out/vs/platform/terminal/node/ptyHostMain.js:32:4064)
    at i.y (/teamspace/studios/this_studio/.vscode-server/bin/8b3775030ed1a69b13e4f4c628c612102e30a681/out/vs/platform/terminal/node/ptyHostMain.js:27:1906)
    at i.fire (/teamspace/studios/this_studio/.vscode-server/bin/8b3775030ed1a69b13e4f4c628c612102e30a681/out/vs/platform/terminal/node/ptyHostMain.js:27:2123)
    at process.ce (/teamspace/studios/this_studio/.vscode-server/bin/8b3775030ed1a69b13e4f4c628c612102e30a681/out/vs/platform/terminal/node/ptyHostMain.js:25:10117)
    at process.emit (node:events:513:28)
    at emit (node:internal/child_process:937:14)
    at process.processTicksAndRejections (node:internal/process/task_queues:83:21)
[15:35:09] Error [CodeExpectedError]: Could not find pty on pty host
    at A.U (/teamspace/studios/this_studio/.vscode-server/bin/8b3775030ed1a69b13e4f4c628c612102e30a681/out/vs/platform/terminal/node/ptyHostMain.js:43:32377)
    at A.updateIcon (/teamspace/studios/this_studio/.vscode-server/bin/8b3775030ed1a69b13e4f4c628c612102e30a681/out/vs/platform/terminal/node/ptyHostMain.js:43:27562)
    at T.<computed> (/teamspace/studios/this_studio/.vscode-server/bin/8b3775030ed1a69b13e4f4c628c612102e30a681/out/vs/platform/terminal/node/ptyHostMain.js:43:22735)
    at Object.call (/teamspace/studios/this_studio/.vscode-server/bin/8b3775030ed1a69b13e4f4c628c612102e30a681/out/vs/platform/terminal/node/ptyHostMain.js:34:5041)
    at g.s (/teamspace/studios/this_studio/.vscode-server/bin/8b3775030ed1a69b13e4f4c628c612102e30a681/out/vs/platform/terminal/node/ptyHostMain.js:32:5153)
    at g.q (/teamspace/studios/this_studio/.vscode-server/bin/8b3775030ed1a69b13e4f4c628c612102e30a681/out/vs/platform/terminal/node/ptyHostMain.js:32:4662)
    at a.value (/teamspace/studios/this_studio/.vscode-server/bin/8b3775030ed1a69b13e4f4c628c612102e30a681/out/vs/platform/terminal/node/ptyHostMain.js:32:4064)
    at i.y (/teamspace/studios/this_studio/.vscode-server/bin/8b3775030ed1a69b13e4f4c628c612102e30a681/out/vs/platform/terminal/node/ptyHostMain.js:27:1906)
    at i.fire (/teamspace/studios/this_studio/.vscode-server/bin/8b3775030ed1a69b13e4f4c628c612102e30a681/out/vs/platform/terminal/node/ptyHostMain.js:27:2123)
    at process.ce (/teamspace/studios/this_studio/.vscode-server/bin/8b3775030ed1a69b13e4f4c628c612102e30a681/out/vs/platform/terminal/node/ptyHostMain.js:25:10117)
    at process.emit (node:events:513:28)
    at emit (node:internal/child_process:937:14)
    at process.processTicksAndRejections (node:internal/process/task_queues:83:21)
[15:35:10] [gitpod-remote-ssh]: Couldn't find message for key openBrowser.
[15:35:10] [gitpod-remote-ssh]: Couldn't find message for key openPreview.
[15:35:10] [gitpod-remote-ssh]: Couldn't find message for key makeHTTPS.
[15:35:10] [gitpod-remote-ssh]: Couldn't find message for key makeHTTP.
[15:36:23] [gitpod-remote-ssh]: Couldn't find message for key openBrowser.
[15:36:23] [gitpod-remote-ssh]: Couldn't find message for key openPreview.
[15:36:23] [gitpod-remote-ssh]: Couldn't find message for key makeHTTPS.
[15:36:23] [gitpod-remote-ssh]: Couldn't find message for key makeHTTP.
[15:36:24] [gitpod-remote-ssh]: Couldn't find message for key openBrowser.
[15:36:24] [gitpod-remote-ssh]: Couldn't find message for key openPreview.
[15:36:24] [gitpod-remote-ssh]: Couldn't find message for key makeHTTPS.
[15:36:24] [gitpod-remote-ssh]: Couldn't find message for key makeHTTP.
[15:36:24] [gitpod-remote-ssh]: Couldn't find message for key openBrowser.
[15:36:24] [gitpod-remote-ssh]: Couldn't find message for key openPreview.
[15:36:24] [gitpod-remote-ssh]: Couldn't find message for key makeHTTPS.
[15:36:24] [gitpod-remote-ssh]: Couldn't find message for key makeHTTP.
[15:36:24] [gitpod-remote-ssh]: Couldn't find message for key openBrowser.
[15:36:24] [gitpod-remote-ssh]: Couldn't find message for key openPreview.
[15:36:24] [gitpod-remote-ssh]: Couldn't find message for key makeHTTPS.
[15:36:24] [gitpod-remote-ssh]: Couldn't find message for key makeHTTP.
[15:38:34] Getting Manifest... github.vscode-pull-request-github
[15:38:34] Installing extension: github.vscode-pull-request-github
[15:38:34] [gitpod-remote-ssh]: Couldn't find message for key openBrowser.
[15:38:34] [gitpod-remote-ssh]: Couldn't find message for key openPreview.
[15:38:34] [gitpod-remote-ssh]: Couldn't find message for key makeHTTPS.
[15:38:34] [gitpod-remote-ssh]: Couldn't find message for key makeHTTP.
[15:38:34] [gitpod-remote-ssh]: Couldn't find message for key openBrowser.
[15:38:34] [gitpod-remote-ssh]: Couldn't find message for key openPreview.
[15:38:34] [gitpod-remote-ssh]: Couldn't find message for key makeHTTPS.
[15:38:34] [gitpod-remote-ssh]: Couldn't find message for key makeHTTP.
[15:38:34] [gitpod-remote-ssh]: Couldn't find message for key openBrowser.
[15:38:34] [gitpod-remote-ssh]: Couldn't find message for key openPreview.
[15:38:34] [gitpod-remote-ssh]: Couldn't find message for key makeHTTPS.
[15:38:34] [gitpod-remote-ssh]: Couldn't find message for key makeHTTP.
[15:38:35] Extension signature verification failed with error 'ENOENT': github.vscode-pull-request-github
[15:38:35] Extracted extension to file:///teamspace/studios/this_studio/.vscode-server/extensions/github.vscode-pull-request-github-0.78.1: github.vscode-pull-request-github
[15:38:35] Renamed to /teamspace/studios/this_studio/.vscode-server/extensions/github.vscode-pull-request-github-0.78.1
[15:38:35] Extracting extension completed. github.vscode-pull-request-github
[15:38:35] Extension installed successfully: github.vscode-pull-request-github
[15:39:13] [gitpod-remote-ssh]: Couldn't find message for key openBrowser.
[15:39:13] [gitpod-remote-ssh]: Couldn't find message for key openPreview.
[15:39:13] [gitpod-remote-ssh]: Couldn't find message for key makeHTTPS.
[15:39:13] [gitpod-remote-ssh]: Couldn't find message for key makeHTTP.
[15:40:02] [gitpod-remote-ssh]: Couldn't find message for key openBrowser.
[15:40:02] [gitpod-remote-ssh]: Couldn't find message for key openPreview.
[15:40:02] [gitpod-remote-ssh]: Couldn't find message for key makeHTTPS.
[15:40:02] [gitpod-remote-ssh]: Couldn't find message for key makeHTTP.
[15:44:13] [gitpod-remote-ssh]: Couldn't find message for key openBrowser.
[15:44:13] [gitpod-remote-ssh]: Couldn't find message for key openPreview.
[15:44:13] [gitpod-remote-ssh]: Couldn't find message for key makeHTTPS.
[15:44:13] [gitpod-remote-ssh]: Couldn't find message for key makeHTTP.
[15:45:02] [gitpod-remote-ssh]: Couldn't find message for key openBrowser.
[15:45:02] [gitpod-remote-ssh]: Couldn't find message for key openPreview.
[15:45:02] [gitpod-remote-ssh]: Couldn't find message for key makeHTTPS.
[15:45:02] [gitpod-remote-ssh]: Couldn't find message for key makeHTTP.
[15:49:14] [gitpod-remote-ssh]: Couldn't find message for key openBrowser.
[15:49:14] [gitpod-remote-ssh]: Couldn't find message for key openPreview.
[15:49:14] [gitpod-remote-ssh]: Couldn't find message for key makeHTTPS.
[15:49:14] [gitpod-remote-ssh]: Couldn't find message for key makeHTTP.
